28800758 S 8832.56
28800796 S NA
28800812 S 8832.56
28800974 B 8865.00
28800975 B NA
28812071 S NA
28813830 B 8845.00
28814087 B 8836.00
28815937 B 8845.00
28816245 B 8840.00
28817570 B 8829.20
28822172 B 8830.00
28823984 S 8807.00
28823984 S NA
28835564 S 8757.00
28835565 S NA
28838797 B 8828.50
28845097 B 8820.00
28855165 S 8776.00
28855165 S NA
28869845 S 8783.00
28874354 S NA
28874384 S 8770.00
28876376 S NA
28876679 S 8770.00
28887878 S NA
28890455 S 8746.00
28890455 S NA
28893420 B 8814.00
28893682 S 8759.00
28900102 B 8820.00
28900102 S 8808.00
28902467 S 8776.00
28902514 B 8815.00
28902534 S NA
28902571 S 8765.00
28903189 S 8778.00
28903190 B 8810.00
28903191 S 8765.00
28903191 B 8815.00
28903215 S 8778.00
28903217 B 8810.00
28903874 B 8815.00
28904189 S 8771.00
28904189 B 8820.00
28904224 S NA
28904253 S 8765.00
28906024 S 8771.00
28910721 B 8815.14
28910722 B 8820.00
28910723 B 8815.14
28910744 B 8810.14
28911618 B 8810.71
28912943 B 8818.00
28912944 B 8805.85
28917479 B 8806.60
28917481 S 8779.00
28917481 B 8803.68
28917483 S 8771.00
28917483 B 8806.60
28917524 S 8772.00
28917525 S NA
28917531 S 8779.00
28917539 B 8803.68
28918102 S 8785.00
28918103 B 8806.60
28918132 B 8803.68
28918662 S 8778.00
28918687 S 8784.00
28919172 B 8809.00
28919173 S 8778.00
28919173 B 8818.00
28919173 B 8806.60
28919248 S 8783.00
28919260 B 8802.68
28919822 B 8808.00
28919823 B 8802.68
28922492 S 8778.00
28922492 B 8806.60
28923035 B 8818.00
28923083 B 8827.00
28923113 B 8824.00
28923389 S 8782.20
28923389 B 8816.71
28923390 S 8778.00
28923390 B 8824.00
28923391 S 8782.20
28923391 B 8816.71
28923830 S 8785.60
28923831 S 8782.20
28923832 S 8785.60
28924704 S 8785.00
28924704 B 8824.00
28924704 S 8778.00
28924705 B 8816.71
28924706 S 8782.20
28924706 S 8785.60
28925782 B 8824.00
28925782 S 8782.20
28925782 S 8778.00
28925783 B 8816.71
28925784 S 8782.20
28925784 S 8785.60
28927133 B 8824.00
28927133 S 8785.00
28927134 B 8816.71
28927135 S 8785.60
28928212 S 8785.00
28928212 B 8824.00
28928213 S 8785.60
28928213 B 8816.71
28929118 B 8821.21
28929120 S 8786.00
28929120 B 8812.83
28929121 S 8785.60
28929121 B 8815.00
28929121 S 8782.20
28929121 B 8824.00
28929122 S 8778.00
28929122 S 8785.00
28929123 B 8821.52
28929123 S 8785.60
28929128 B 8813.14
28929146 S 8786.00
28929164 B 8814.52
28929214 B 8813.14
28929949 B 8821.52
28929949 S 8785.60
28929980 S 8785.00
28929981 B 8824.00
28929984 B 8827.00
28930015 B 8824.00
28933055 S 8788.00
28933058 S 8789.00
28933092 S 8788.00
28933093 S 8789.00
28937566 B 8819.50
28937567 S 8788.00
28937568 S 8791.00
28937974 S 8788.00
28937976 S 8791.00
28938015 S 8788.00
28938016 S 8791.00
28939185 S 8788.00
28939187 S 8791.00
28941591 S 8788.00
28941592 S 8792.00
28952850 S 8788.00
28953184 B 8812.50
28953185 B 8813.50
28956124 B 8822.00
28956154 B 8819.50
28974593 S 8782.00
28976148 S 8778.00
28982578 S 8788.00
28983065 B 8816.50
28983065 B 8817.50
28990475 S 8789.00
29013204 S 8788.00
29013204 B 8790.00
29015549 B 8817.50
29019177 S 8786.00
29019435 S 8778.00
29024925 S 8780.00
29026323 B 8810.50
29045384 S 8783.00
29049454 B 8812.50
29049484 B 8811.50
29060700 B 8819.50
29062694 S 8784.00
29063604 B 8824.00
29065594 B 8827.00
29067603 S 8792.00
29067928 S 8800.00
29069573 S 8802.00
29090062 B 8829.00
29091138 S 8790.00
29109165 B 8824.50
29116414 B 8824.00
29117069 B 8816.00
29117070 B 8824.00
29226939 S 8810.00
29256301 S 8811.00
29278024 S 8810.00
29281492 S 8812.00
29293884 S 8811.00
29293884 S 8810.00
29308377 S 8813.00
29309396 S 8810.00
29309408 S 8813.00
29314590 S 8810.00
29323737 B 8822.50
29324648 B 8824.00
29337321 S 8803.00
29337368 S 8814.00
29341959 S 8818.00
29343924 S 8814.00
29346427 S 8810.00
29353141 S 8811.00
29354031 S 8810.00
29354780 S 8811.00
29356556 S 8810.00
29357468 S 8811.00
29366928 S 8810.00
29369897 S 8812.00
29371172 S 8810.00
29373350 S 8804.00
29373360 S 8809.00
29384543 S 8804.00
29384548 S 8808.00
29388641 S 8804.00
29392557 B 8823.00
29394874 S 8802.00
29394904 S 8803.00
29399803 B 8824.00
29402065 S 8804.00
29411364 S 8802.00
29411394 S 8804.00
29416894 S 8802.00
29416923 S 8803.00
29436397 S 8795.00
29437344 S 8789.00
29437374 S 8794.00
29437874 S 8789.00
29454849 S 8783.00
29454855 S 8790.00
29463988 B 8818.00
29465031 S 8796.00
29469726 B 8817.67
29471095 S 8797.00
29473515 B 8816.75
29473934 B 8817.67
29477737 B 8823.67
29492106 B 8821.67
29497034 B 8821.00
29499715 B 8814.00
29504428 S 8796.00
29504479 B 8821.67
29504480 B 8814.00
29504492 B 8821.67
29504504 B 8821.00
29504554 B 8821.67
29536772 B 8813.00
29541474 B 8810.00
29548360 B 8810.50
29553541 B 8807.70
29556917 B 8815.70
29557006 S 8798.00
29567865 S 8799.00
29572151 S 8798.00
29610229 B 8819.47
29610264 B 8820.47
29624627 B 8823.67
29640243 S 8803.00
29641037 S 8805.00
29666995 B 8822.67
29667275 B 8823.67
29711906 S 8802.00
29719371 S 8808.00
29733746 B 8822.67
29733747 B 8823.67
29733781 B 8822.67
29734123 B 8823.67
29760052 S 8803.00
29760264 S 8808.00
29792133 S 8814.00
29798038 S 8808.00
29798297 S 8813.00
29800648 S 8816.00
29822073 S 8814.00
29839530 S 8810.00
29847386 B 8822.67
29864954 B 8822.00
29874343 S 8814.00
29964740 S 8810.00
30015010 B 8819.50
30024257 B 8822.00
30027876 B 8819.50
30045029 B 8822.00
30074752 B 8822.67
30074758 B 8819.00
30086992 S 8811.00
30088435 B 8822.67
30088549 S 8810.00
30154487 B 8820.17
30156052 B 8822.67
30244365 S 8810.25
30246242 S 8808.50
30246301 S 8812.00
30311623 B 8823.67
30327852 B 8824.00
30349823 B 8825.40
30359374 S 8820.00
30365915 B 8826.75
30378836 S 8812.00
30383391 B 8826.00
30384350 S 8820.00
30385435 S 8821.00
30385855 S 8820.00
30386785 B 8826.75
30386785 B 8829.00
30386785 B 8832.00
30386787 B 8829.00
30387006 B 8832.00
30387008 B 8829.00
30387287 B 8832.00
30391325 B 8848.00
30392095 B 8847.00
30395687 B 8837.00
30411438 S 8824.00
30412337 S 8820.00
30414054 S 8828.00
30419350 B 8847.00
30419385 B 8840.00
30420067 B 8847.00
30420085 B 8851.00
30420114 B 8848.00
30422845 S 8824.00
30426753 S 8820.00
30428287 B 8843.00
30431804 B 8841.00
30433666 B 8840.00
30441489 B 8841.00
30444979 B 8840.00
30450760 B 8841.00
30451439 B 8840.00
30465526 S 8834.00
30467426 B 8841.00
30484429 B 8839.00
30491597 B 8841.00
30501815 S 8821.00
30501836 S 8820.00
30501837 B 8839.00
30501866 S 8815.00
30501895 S 8818.00
30502116 B 8841.00
30509828 S 8822.00
30509978 S 8829.00
30513962 B 8844.00
30514675 S 8835.00
30514677 S 8832.00
30520807 S 8822.00
30520809 S 8829.00
30521515 S 8822.00
30525567 S 8829.00
30531906 S 8822.00
30531909 S 8829.00
30532705 S 8832.00
30541262 B 8845.00
30552477 B 8848.00
30558592 S 8834.00
30565980 S 8832.00
30568785 S 8834.00
30571226 B 8847.00
30571380 B 8846.00
30577798 B 8847.00
30578103 B 8846.00
30578244 B 8847.00
30589788 B 8845.00
30592194 S 8836.00
30597834 B 8844.00
30614305 S 8837.00
30615238 S 8836.00
30676408 S 8834.00
30677580 B 8836.00
30678270 S 8833.39
30678270 S 8832.00
30683544 S 8822.00
30684128 S 8827.00
30684846 B 8832.00
30688574 B 8836.00
30696577 S 8829.00
30718190 B 8835.00
30719580 B 8833.00
30719766 B 8835.00
30720363 B 8836.00
30724876 B 8835.00
30725246 B 8836.00
30726397 S 8827.00
30727961 S 8822.00
30735257 S 8827.00
30735813 B 8832.00
30736803 S 8822.00
30739585 B 8836.00
30741208 S 8818.00
30741608 S 8822.00
30745174 S 8818.00
30771522 S 8815.00
30773239 S 8821.00
30782070 S 8824.00
30820683 S 8821.00
30841205 S 8813.00
30843913 B 8832.00
30862962 B 8836.00
30863347 B 8832.00
30869373 S 8808.00
30869399 S 8811.00
30869416 S 8808.00
30871646 B 8836.00
30871649 B 8832.00
30871731 B 8827.00
30871732 B 8831.00
30886501 S 8811.00
30886505 S 8808.00
30886648 B 8826.00
30887906 S 8812.00
30901373 B 8831.00
30901374 B 8836.00
30901375 S 8808.00
30901377 B 8831.00
30901405 B 8836.00
30903077 S 8812.00
30907182 B 8829.00
30908512 S 8808.00
30965473 S 8812.00
30969802 B 8836.00
30974348 S 8816.00
30979158 B 8831.00
30979177 B 8836.00
30979179 B 8831.00
30981012 S 8812.00
30981013 B 8826.00
30981416 S 8816.00
30981526 S 8815.88
30981998 B 8831.00
30985996 S 8812.00
30988221 B 8824.00
30988223 B 8835.82
30989501 B 8828.82
30989501 B 8829.00
30989502 B 8828.79
30997721 B 8835.79
30997742 B 8823.97
30997796 B 8835.79
30998460 B 8828.79
30998461 B 8829.00
30998461 B 8828.79
31000121 B 8835.79
31000651 B 8827.79
31000652 B 8828.00
31000653 B 8827.76
31001160 B 8835.76
31001694 B 8827.76
31001694 B 8828.00
31001695 B 8827.76
31002191 B 8835.76
31002739 B 8827.76
31002740 B 8828.00
31002740 B 8827.76
31003294 B 8835.76
31003860 B 8827.76
31003861 B 8828.00
31003861 B 8827.76
31004222 B 8835.76
31004235 B 8836.00
31005978 B 8829.00
31005979 B 8828.76
31013621 S 8810.00
31019940 B 8835.76
31022501 B 8828.76
31030267 B 8835.76
31033164 S 8808.00
31034427 S 8810.00
31039197 B 8816.00
31039704 B 8835.76
31042874 B 8816.00
31044103 B 8815.97
31044847 S 8808.00
31045360 B 8831.73
31045361 B 8832.00
31049327 S 8810.00
31049328 S 8812.00
31049330 S 8810.00
31059422 S 8808.00
31072722 S 8812.00
31078726 S 8808.00
31078729 S 8810.00
31078853 S 8813.00
31083128 B 8835.94
31083188 B 8822.00
31084326 S 8811.00
31086250 S 8808.00
31092565 B 8821.00
31092566 B 8820.97
31094315 B 8821.97
31094317 B 8820.97
31094319 B 8821.00
31094319 B 8820.97
31095325 B 8821.97
31116629 B 8835.76
31124819 S 8809.00
31131407 S 8810.00
31140881 S 8809.00
31145056 S 8808.00
31145058 B 8826.76
31145059 B 8827.00
31145059 B 8818.00
31149917 S 8810.00
31154516 S 8808.00
31154517 B 8827.00
31160562 S 8812.00
31167004 S 8810.00
31171613 S 8808.00
31171613 B 8810.00
31171613 B 8827.00
31172140 S 8809.00
31173104 S 8810.00
31175301 B 8817.00
31175302 B 8826.00
31175302 B 8816.00
31175315 S 8809.00
31175611 S 8808.00
31180640 B 8826.00
31181517 B 8816.00
31186710 B 8826.00
31187493 S 8809.00
31190816 S 8808.00
31191897 S 8809.00
31196688 S 8810.00
31196689 S 8809.00
31196693 S 8810.00
31197839 B 8816.00
31198548 B 8826.00
31198549 S 8809.00
31198549 S 8811.00
31199106 S 8809.00
31199606 S 8811.00
31200216 S 8809.00
31202156 S 8811.00
31202165 B 8836.00
31205910 S 8812.00
31210554 S 8811.00
31211177 S 8812.00
31212886 S 8811.00
31217900 S 8813.00
31223385 S 8811.00
31235907 S 8812.00
31235908 S 8813.00
31257516 S 8812.00
31273185 S 8813.00
31274653 S 8814.00
31275566 S 8813.00
31276325 S 8812.00
31277891 B 8816.00
31277893 B 8815.97
31282702 B 8816.00
31282702 B 8820.20
31283212 B 8830.20
31283919 B 8836.00
31283920 S 8813.00
31284554 S 8814.00
31294210 S 8813.50
31320766 S 8814.00
31320769 S 8813.50
31345152 S 8814.00
31362067 B 8828.00
31370746 B 8836.00
31374426 S 8814.40
31375176 S 8814.00
31395589 B 8828.00
31404833 B 8819.00
31411759 B 8827.00
31411761 B 8836.00
31468318 B 8835.00
31468319 B 8834.00
31471235 B 8835.00
31471265 B 8834.00
31474555 B 8835.00
31474585 B 8834.00
31504806 B 8835.00
31508052 S 8816.00
31516797 S 8814.00
31526297 S 8812.50
31530904 S 8813.50
31533430 S 8814.00
31536315 B 8829.00
31536905 B 8835.00
31538332 B 8829.00
31538407 B 8830.00
31538407 B 8824.00
31538760 B 8830.00
31539171 B 8824.00
31539626 B 8830.00
31539626 B 8824.00
31540158 B 8830.00
31540166 B 8836.00
31540529 B 8832.00
31540756 B 8828.00
31540838 S 8813.50
31541584 B 8832.00
31541986 B 8827.00
31541987 B 8831.00
31541987 B 8826.00
31542334 B 8831.00
31542666 B 8826.00
31542667 B 8831.00
31542667 B 8826.00
31542989 B 8831.00
31543281 B 8826.00
31543281 B 8831.00
31543282 B 8825.00
31543558 B 8830.00
31543803 B 8824.00
31543804 B 8830.00
31543804 B 8824.00
31544149 S 8814.00
31544202 B 8830.00
31544305 B 8824.00
31544356 B 8830.00
31544357 B 8824.00
31544549 B 8830.00
31544556 B 8836.00
31544761 B 8832.00
31544806 B 8828.00
31544998 B 8832.00
31545208 B 8828.00
31545209 B 8832.00
31545209 B 8828.00
31545429 B 8832.00
31545650 B 8828.00
31545651 B 8832.00
31545651 B 8827.00
31545893 B 8831.00
31546144 B 8826.00
31546145 B 8831.00
31546145 B 8826.00
31546397 B 8831.00
31546616 B 8826.00
31546617 B 8831.00
31546617 B 8826.00
31546857 B 8831.00
31546903 B 8827.00
31547088 B 8826.00
31547136 B 8827.00
31547136 B 8826.00
31547341 B 8827.00
31547578 B 8826.00
31547828 B 8827.00
31548064 B 8826.00
31548156 B 8827.00
31548156 B 8826.00
31548340 B 8827.00
31548553 B 8825.00
31548596 B 8826.00
31548597 B 8824.00
31548780 B 8826.00
31548986 B 8824.00
31549027 B 8826.00
31549027 B 8824.00
31549212 B 8826.00
31549416 B 8824.00
31549896 B 8826.00
31549896 B 8824.00
31550050 B 8823.00
31550264 B 8822.00
31550821 B 8825.00
31551356 B 8821.00
31551357 B 8824.00
31551357 B 8820.00
31552033 B 8820.12
31552034 B 8824.00
31552046 B 8831.00
31552046 B 8828.00
31553130 B 8827.00
31553287 B 8826.00
31553705 B 8827.00
31554079 B 8826.00
31554126 B 8827.00
31554127 B 8826.00
31554617 B 8825.00
31554618 B 8824.00
31555019 B 8826.00
31555375 B 8824.00
31555375 B 8826.00
31555376 B 8824.00
31556916 B 8826.00
31556917 B 8832.00
31556917 B 8826.00
31557174 B 8823.00
31557175 B 8825.00
31557175 B 8822.00
31559360 B 8825.00
31559366 B 8832.00
31559366 B 8828.00
31565814 S 8813.50
31587347 B 8827.00
31587739 B 8826.00
31589758 B 8827.00
31590186 B 8826.00
31590345 S 8812.50
31590399 S 8812.00
31590399 S 8810.00
31592114 B 8827.00
31592498 B 8826.00
31594460 B 8827.00
31594745 B 8826.00
31595313 S 8808.00
31595781 S 8803.00
31596229 S 8802.00
31599414 S 8799.00
31600117 B 8824.00
31600118 B 8822.00
31602869 B 8821.00
31602870 B 8820.00
31608437 B 8823.88
31608437 B 8824.00
31609144 B 8818.00
31609144 B 8822.00
31609145 B 8816.00
31609851 B 8822.00
31609851 B 8829.00
31609851 B 8822.00
31610237 B 8815.00
31610237 B 8821.00
31610238 B 8814.00
31611069 B 8813.00
31611269 B 8812.00
31611593 B 8819.00
31611593 B 8812.00
31611593 B 8819.00
31611606 B 8827.00
31611606 B 8826.00
31611635 B 8827.00
31612167 B 8826.00
31612168 B 8827.00
31612168 B 8826.00
31612556 B 8825.00
31612557 B 8824.00
31613191 B 8826.00
31613191 B 8824.00
31613191 B 8826.00
31614737 B 8824.00
31614738 B 8826.00
31614738 B 8824.00
31615099 B 8823.00
31615100 B 8822.00
31621449 B 8821.00
31621451 B 8820.00
31621694 B 8821.00
31623077 B 8820.00
31623078 B 8821.00
31623078 B 8819.00
31623805 B 8818.27
31623805 B 8818.00
31623806 B 8818.97
31623806 B 8818.00
31640870 B 8821.50
31640870 B 8823.00
31642993 B 8818.00
31642994 B 8823.00
31642994 B 8817.00
31643678 B 8816.00
31644027 B 8817.00
31644027 B 8816.00
31652575 B 8816.18
31652575 B 8822.00
31668921 B 8811.00
31669043 B 8822.00
31692548 S 8808.00
31695096 S 8805.00
31695338 S 8799.00
31695965 S 8805.00
31696281 S 8799.00
31696736 S 8805.00
31696866 B 8829.00
31696866 B 8828.00
31697033 S 8799.00
31698508 B 8822.00
31698567 B 8816.00
31698873 B 8822.00
31699148 B 8816.00
31699207 B 8822.00
31699207 B 8816.00
31699433 B 8822.00
31699696 B 8816.00
31699980 B 8822.00
31700220 B 8816.00
31700267 B 8822.00
31700267 B 8816.00
31700498 B 8822.00
31700751 B 8815.00
31700796 B 8821.00
31700796 B 8814.00
31701018 B 8821.00
31701268 B 8814.00
31701316 B 8821.00
31701317 B 8814.00
31701529 B 8821.00
31701536 B 8828.00
31701790 B 8823.00
31701907 B 8818.00
31702065 B 8823.00
31702383 B 8817.00
31702383 B 8822.00
31702384 B 8816.00
31702560 B 8822.00
31702812 B 8816.00
31702813 B 8822.00
31702813 B 8816.00
31703092 B 8822.00
31703389 B 8816.00
31703390 B 8822.00
31703390 B 8816.00
31703600 B 8822.00
31703862 B 8816.00
31703863 B 8822.00
31703863 B 8816.00
31704129 B 8822.00
31704403 B 8815.00
31704404 B 8821.00
31704404 B 8814.00
31704656 B 8821.00
31704892 B 8814.00
31704893 B 8821.00
31704893 B 8814.00
31705152 B 8821.00
31705155 B 8828.00
31705421 B 8823.00
31705421 B 8818.00
31705672 B 8823.00
31705934 B 8817.00
31705977 B 8822.00
31705977 B 8816.00
31706192 B 8822.00
31706451 B 8816.00
31706497 B 8822.00
31706497 B 8816.00
31706728 B 8822.00
31706987 B 8816.00
31707069 B 8822.00
31707069 B 8816.00
31707417 B 8822.00
31707551 B 8816.00
31707597 B 8822.00
31707597 B 8815.00
31707810 B 8821.00
31708059 B 8814.00
31708107 B 8821.00
31708107 B 8814.00
31708320 B 8821.00
31708327 B 8828.00
31708555 B 8823.00
31708607 B 8818.00
31710319 B 8823.00
31711003 B 8817.00
31711004 B 8822.00
31711004 B 8816.00
31711631 B 8822.00
31711970 B 8816.00
31711971 B 8822.00
31711971 B 8816.00
31712399 B 8822.00
31712730 B 8816.00
31712731 B 8822.00
31712731 B 8815.00
31713110 B 8821.00
31713434 B 8814.00
31713435 B 8821.00
31713435 B 8814.00
31713799 B 8821.00
31713815 B 8828.00
31714131 B 8823.00
31714132 B 8818.00
31714494 B 8823.00
31714802 B 8817.00
31714856 B 8822.00
31714856 B 8816.00
31715143 B 8822.00
31715994 B 8816.00
31716068 B 8822.00
31716068 B 8816.00
31724505 S 8796.00
31725610 B 8812.00
31725656 B 8808.00
31725975 B 8807.00
31725977 B 8806.00
31727048 B 8805.00
31727049 B 8804.00
31727746 B 8811.00
31727785 B 8816.00
31727815 B 8811.00
31729000 B 8804.00
31729058 B 8811.00
31729058 B 8804.00
31729271 B 8803.00
31729272 B 8802.00
31730072 B 8809.00
31730073 B 8802.00
31730073 B 8809.00
31730076 B 8822.00
31730076 B 8816.00
31730105 B 8822.00
31730135 B 8819.00
31730396 B 8811.00
31730396 B 8814.00
31730396 B 8805.00
31730544 B 8804.00
31730587 B 8805.00
31730587 B 8804.00
31730899 B 8805.00
31730934 B 8811.00
31731026 B 8807.00
31731035 B 8816.00
31731065 B 8811.00
31731239 B 8804.00
31731240 B 8811.00
31731240 B 8804.00
31731583 B 8803.00
31731816 B 8802.00
31731828 B 8803.00
31731829 B 8802.00
31732377 B 8809.00
31732456 B 8806.00
31732456 B 8815.00
31732486 B 8809.00
31732566 B 8806.00
31732567 B 8815.00
31732597 B 8809.00
31732727 B 8802.00
31732766 B 8809.00
31732766 B 8802.00
31733199 B 8801.00
31733217 B 8800.00
31733690 B 8807.00
31733690 B 8821.00
31733690 B 8807.00
31733695 B 8821.00
31733695 B 8814.00
31733736 B 8821.00
31733766 B 8818.00
31733876 B 8812.00
31733877 B 8821.00
31733877 B 8832.00
31733877 B 8819.00
31733909 B 8816.00
31734016 B 8805.00
31734065 B 8811.00
31734065 B 8800.00
31734075 B 8811.00
31734096 B 8805.00
31734097 B 8811.00
31734097 B 8814.00
31734098 B 8805.00
31734286 B 8811.00
31734286 B 8800.00
31734950 B 8807.00
31734955 B 8821.00
31734955 B 8814.00
31734995 B 8821.00
31735025 B 8818.00
31735076 B 8812.00
31735077 B 8819.00
31735077 B 8810.00
31735077 B 8819.00
31735108 B 8816.00
31735286 B 8809.00
31735287 B 8815.00
31735287 B 8808.00
31735517 B 8807.00
31735743 B 8806.00
31735769 B 8807.00
31735769 B 8806.00
31736217 B 8814.00
31736217 B 8825.00
31736217 B 8814.00
31736276 B 8808.00
31736286 B 8817.00
31736316 B 8814.00
31736496 B 8808.00
31736505 B 8817.00
31736534 B 8806.00
31736536 B 8814.00
31736536 B 8806.00
31736936 B 8805.00
31736991 B 8804.00
31737027 B 8805.00
31737027 B 8804.00
31737472 B 8812.00
31737472 B 8804.00
31737472 B 8812.00
31737597 B 8807.00
31737598 B 8816.00
31737628 B 8812.00
31737752 B 8804.00
31737752 B 8812.00
31737753 B 8804.00
31738028 B 8803.00
31738190 B 8802.00
31738191 B 8803.00
31738191 B 8802.00
31738446 B 8810.00
31738579 B 8806.00
31738579 B 8815.00
31738609 B 8810.00
31738677 B 8802.00
31738678 B 8810.00
31738678 B 8802.00
31739425 B 8809.00
31739426 B 8822.00
31739426 B 8816.00
31739456 B 8813.00
31739456 B 8822.00
31739457 B 8832.00
31739457 B 8819.00
31739487 B 8813.00
31739566 B 8810.00
31739566 B 8819.00
31739597 B 8813.00
31739775 B 8810.00
31739785 B 8819.00
31739814 B 8813.00
31739996 B 8810.00
31740005 B 8819.00
31740035 B 8813.00
31743515 B 8810.00
31743525 B 8819.00
31743572 B 8813.00
31743716 B 8810.00
31743716 B 8819.00
31743747 B 8813.00
31743936 B 8810.00
31743936 B 8819.00
31743967 B 8813.00
31744156 B 8810.00
31744157 B 8819.00
31744188 B 8813.00
31744376 B 8810.00
31744377 B 8819.00
31744408 B 8813.00
31744596 B 8810.00
31744596 B 8819.00
31744627 B 8813.00
31745246 B 8810.00
31745255 B 8819.00
31745303 B 8813.00
31745357 B 8810.00
31745366 B 8819.00
31745396 B 8813.00
31745576 B 8810.00
31745576 B 8819.00
31745607 B 8813.00
31745795 B 8810.00
31745796 B 8819.00
31745827 B 8813.00
31746015 B 8810.00
31746016 B 8819.00
31746046 B 8813.00
31746236 B 8810.00
31746237 B 8819.00
31746268 B 8813.00
31746437 B 8806.00
31746457 B 8815.00
31746457 B 8802.00
31746848 B 8809.00
31746996 B 8806.00
31747005 B 8815.00
31747034 B 8809.00
31747216 B 8806.00
31747217 B 8815.00
31747247 B 8809.00
31747422 S 8790.00
31747436 B 8806.00
31747437 B 8815.00
31747467 B 8809.00
31747469 B 8802.00
31747470 B 8809.00
31747470 B 8802.00
31747769 B 8812.00
31747770 B 8825.00
31747770 B 8822.00
31747876 B 8816.00
31747876 B 8825.00
31747876 B 8832.00
31747877 B 8819.00
31747908 B 8816.00
31748096 B 8810.00
31748097 B 8819.00
31748127 B 8816.00
31748306 B 8810.00
31748326 B 8819.00
31748356 B 8816.00
31748413 S 8784.00
31748415 S 8789.00
31748456 S 8784.00
31748460 B 8806.00
31748527 B 8802.00
31748840 B 8806.00
31749015 B 8815.00
31749045 B 8812.00
31757266 B 8808.00
31758995 B 8801.00
31758996 B 8807.00
31758997 B 8800.00
31759039 S 8790.00
31759182 B 8807.00
31759635 B 8800.00
31759806 B 8807.00
31760225 B 8800.00
31760398 B 8807.00
31760809 B 8800.00
31760990 B 8807.00
31761236 S 8784.00
31761377 B 8800.00
31761378 B 8807.00
31761378 B 8800.00
31761646 B 8807.00
31762002 B 8800.00
31762003 B 8807.00
31762003 B 8799.00
31762175 B 8806.00
31762537 B 8798.00
31762537 B 8806.00
31762538 B 8798.00
31762670 B 8806.00
31762694 B 8821.00
31762746 B 8832.00
31762776 B 8821.00
31764057 B 8814.00
31764529 B 8807.00
31764709 B 8814.00
31767238 S 8789.00
31767239 S 8795.00
31767241 S 8790.00
31767266 B 8821.00
31767295 B 8818.00
31773586 B 8815.00
31775120 B 8808.00
31775121 B 8809.00
31775121 B 8802.00
31775125 S 8784.00
31775156 S 8789.00
31775299 B 8809.00
31775301 S 8795.00
31775302 S 8790.00
31776839 B 8802.00
31776839 B 8809.00
31776840 B 8802.00
31776846 S 8784.00
31777051 B 8809.00
31777848 B 8802.00
31777849 B 8809.00
31777849 B 8801.00
31778035 B 8808.00
31778035 B 8822.00
31778035 B 8816.00
31778826 B 8809.00
31778827 B 8802.00
31778987 B 8809.00
31779287 S 8789.00
31779288 S 8795.00
31779290 S 8790.00
31779935 B 8802.00
31779936 B 8809.00
31779937 B 8802.00
31779946 S 8784.00
31780035 B 8809.00
31787497 S 8790.00
31787498 S 8796.00
31787500 S 8790.00
31788705 B 8822.00
31788705 B 8816.00
31788755 B 8822.00
31788794 B 8819.00
31788911 B 8817.60
31789590 S 8797.00
31789967 S 8791.00
31789967 S 8798.00
31801357 S 8791.00
31807457 S 8794.00
31810787 B 8816.80
31811521 B 8810.20
31811566 B 8811.80
31811567 B 8806.00
31813600 B 8805.00
31814033 B 8811.80
31814033 B 8822.00
31814033 B 8810.80
31814065 B 8814.00
31814095 B 8810.80
31821624 S 8787.00
31821632 S 8792.00
31821677 S 8787.00
31840306 B 8810.00
31843766 B 8809.20
31845998 B 8804.00
31845998 B 8809.20
31845999 B 8803.00
31846007 B 8808.20
31848961 B 8803.20
31849076 B 8805.00
31849106 B 8803.20
31854157 S 8793.00
31858774 S 8787.00
31859250 B 8808.20
31860958 S 8792.00
31862646 B 8813.00
31862675 B 8808.20
31863505 B 8813.00
31863535 B 8808.20
31864072 B 8802.00
31864073 B 8808.20
31864073 B 8801.00
31864379 S 8794.00
31864427 B 8807.20
31865200 B 8800.00
31865201 B 8807.20
31865201 B 8800.00
31865692 B 8807.20
31865723 B 8820.00
31865723 B 8815.20
31868396 B 8820.00
31868425 B 8815.20
31869306 B 8820.00
31869336 B 8815.20
31872126 S 8795.00
31872166 B 8820.00
31872195 B 8817.60
31873034 S 8794.00
31877486 S 8795.00
31877547 S 8797.00
31877569 S 8798.00
31952846 S 8799.00
31952895 S 8797.00
31952895 S 8801.00
31952896 S 8802.00
31958516 B 8820.00
31958545 B 8817.60
31967925 S 8803.00
31967947 S 8804.00
31974375 B 8820.00
31974405 B 8817.60
31978012 B 8811.20
31978675 B 8817.60
31979860 S 8806.00
31979919 S 8805.00
31979992 S 8802.00
31980142 B 8819.00
31982971 B 8812.00
31983400 B 8819.00
31985110 B 8812.00
31985353 B 8819.00
31991764 B 8812.00
31991764 B 8815.00
31991765 B 8808.00
31992415 B 8815.00
31993188 B 8808.00
31995091 B 8815.00
31998521 B 8808.00
31999032 B 8815.00
32020792 B 8812.00
32022881 B 8819.00
32022886 B 8814.00
32022888 B 8819.00
32022915 B 8822.00
32022945 B 8819.00
32022958 S 8801.00
32022959 S 8802.00
32022980 S 8801.00
32022980 S 8802.00
32024824 B 8818.40
32025315 B 8820.80
32025405 S 8803.00
32025427 S 8804.00
32027644 S 8806.00
32031942 B 8828.40
32032913 S 8807.00
32032914 S 8808.00
32035912 S 8809.00
32035913 S 8810.00
32039016 B 8825.80
32039737 B 8820.00
32040592 B 8825.80
32041676 B 8828.40
32042406 B 8825.80
32042485 B 8818.00
32042486 B 8819.00
32042486 B 8817.60
32042491 B 8814.40
32042917 B 8815.00
32042917 B 8814.80
32043007 B 8821.00
32043717 B 8825.80
32043745 B 8828.40
32043929 B 8818.80
32044378 B 8828.40
32044706 B 8825.80
32045295 B 8828.40
32045856 B 8825.80
32045860 B 8818.00
32045894 S 8811.00
32045916 S 8812.00
32046270 B 8825.80
32046749 S 8811.00
32046749 S 8810.00
32046995 B 8828.40
32047096 B 8818.80
32047420 B 8828.40
32048351 S 8811.00
32048352 S 8812.00
32055383 B 8818.80
32056339 S 8811.00
32056339 S 8810.00
32057371 B 8827.60
32057642 B 8818.80
32059268 S 8808.00
32059269 B 8818.53
32059270 B 8810.97
32059271 B 8810.00
32059771 S 8806.00
32059985 B 8811.00
32060343 B 8810.00
32060386 B 8811.00
32060386 B 8810.00
32062344 B 8811.00
32062356 B 8818.00
32062356 B 8811.00
32062659 B 8810.00
32062707 B 8811.00
32062707 B 8810.00
32064615 B 8817.00
32064626 B 8826.00
32064626 B 8824.00
32064630 B 8819.00
32064631 B 8814.00
32064637 B 8819.00
32064665 B 8821.00
32071394 S 8807.00
32071416 S 8808.00
32072746 B 8813.00
32072747 B 8820.00
32072747 B 8812.00
32072965 B 8819.00
32073241 B 8812.00
32073242 B 8819.00
32073242 B 8812.00
32073478 B 8819.00
32073479 B 8827.00
32073479 B 8826.00
32073516 B 8827.00
32073737 B 8819.00
32073747 B 8820.00
32073747 B 8812.00
32073990 B 8819.00
32074496 B 8827.00
32074496 B 8826.00
32074536 B 8827.00
32081900 S 8809.00
32081922 S 8810.00
32089947 S 8809.00
32092681 B 8821.00
32094385 S 8810.00
32094386 B 8822.00
32094386 B 8816.00
32094387 B 8822.00
32104235 B 8818.00
32107490 S 8811.00
32120755 B 8816.00
32120756 B 8818.00
32120757 B 8816.00
32120757 B 8818.00
32120851 S 8810.00
32120852 S 8811.00
32140466 S 8812.00
32140656 B 8820.00
32185927 S 8813.00
32185950 S 8814.00
32191750 S 8814.40
32195866 S 8816.40
32195867 S 8818.00
32230187 B 8824.00
32257140 S 8814.80
32257140 S 8810.80
32257140 S 8810.00
32257144 B 8822.00
32257157 B 8820.00
32259872 B 8819.87
32259879 B 8818.87
32259950 S 8809.00
32259951 S 8808.00
32259951 B 8818.00
32259951 S 8809.00
32259952 S 8810.00
32265405 B 8819.00
32266142 B 8818.74
32266144 B 8816.87
32266156 B 8817.74
32266156 B 8816.00
32266636 B 8818.00
32266646 B 8824.00
32266646 B 8820.00
32266648 B 8819.00
32266656 B 8820.00
32267071 B 8819.74
32267073 B 8817.74
32267116 B 8816.00
32267427 B 8818.00
32267702 B 8817.74
32267704 B 8816.00
32268019 B 8818.00
32268334 B 8817.74
32268586 B 8818.00
32268869 B 8817.74
32276677 S 8809.00
32276698 S 8808.00
32337208 B 8818.00
32466817 B 8824.00
32466817 B 8820.00
32466819 B 8819.00
32466820 B 8818.00
32466822 B 8819.00
32478127 S 8808.87
32516677 S 8810.00
32578897 B 8821.00
32578897 B 8820.00
32578899 B 8819.00
32578907 B 8820.00
32580725 B 8819.00
32580726 B 8818.00
32580727 B 8819.00
32593396 B 8817.00
32593775 B 8819.00
32593778 B 8818.00
32593780 B 8819.00
32593780 B 8818.00
32593781 B 8819.00
32594980 B 8817.00
32595353 B 8819.00
32596946 B 8817.00
32599039 B 8819.00
32602576 B 8820.00
32602603 B 8819.00
32602604 B 8818.00
32602605 B 8819.00
32614359 S 8812.00
32614589 B 8818.00
32615107 S 8810.00
32615109 B 8819.00
32615109 B 8818.00
32616126 B 8819.00
32616777 B 8818.00
32617436 B 8819.00
32617707 B 8818.00
32618655 B 8819.00
32619806 B 8818.00
32620866 B 8817.00
32621540 B 8818.00
32622306 B 8819.00
32622626 B 8818.00
32624157 B 8817.00
32624388 B 8818.00
32624968 B 8816.00
32627052 B 8818.00
32632361 B 8817.00
32633003 B 8818.00
32636057 B 8817.00
32636493 B 8818.00
32637515 B 8817.00
32638089 B 8818.00
32638473 S 8812.00
32638474 B 8819.00
32639087 S 8810.00
32639097 B 8818.00
32647666 B 8819.00
32651498 B 8818.00
32655665 B 8817.00
32656249 B 8818.00
32660306 B 8819.00
32660687 B 8818.00
32702266 B 8819.00
32715646 B 8820.00
32715667 B 8826.00
32716265 B 8820.00
32719831 B 8826.00
32726167 B 8832.00
32726200 B 8831.00
32726207 B 8830.00
32726209 B 8831.00
32731026 S 8814.00
32731027 S 8818.00
32741566 S 8814.00
32747588 B 8833.00
32747647 S 8817.00
32747666 S 8814.00
32750974 B 8831.00
32751464 S 8820.00
32751467 S 8815.00
32752078 S 8821.00
32752078 S 8816.00
32752079 S 8822.00
32755782 S 8816.00
32759275 B 8833.00
32765950 B 8831.00
32770191 B 8833.00
32776133 B 8830.00
32803749 S 8819.50
32825411 B 8833.00
32827657 S 8823.50
32827658 S 8820.50
32827658 S 8824.00
32834782 B 8835.00
32839433 S 8820.50
32840291 S 8813.50
32843278 S 8820.50
32843317 S 8824.00
32843914 S 8820.50
32845911 S 8825.00
32845912 S 8821.50
32845913 S 8826.00
32846850 S 8821.50
32847525 S 8826.00
32847526 S 8821.50
32847527 S 8826.00
32848194 S 8821.50
32848965 S 8826.00
32849514 S 8821.50
32851102 S 8826.00
32856734 S 8821.50
32856872 B 8830.00
32856886 S 8813.50
32856890 S 8817.50
32864157 B 8826.00
32864158 S 8819.50
32864158 B 8830.00
32864168 S 8817.50
32864171 B 8827.00
32864172 B 8826.00
32864176 B 8827.00
32864226 B 8826.00
32869527 B 8827.00
32874880 S 8814.00
32874882 B 8826.00
32875673 S 8818.00
32875687 S 8814.00
32875687 S 8818.00
32875718 S 8814.00
32894986 B 8827.00
32894986 B 8826.00
32895426 S 8810.00
32895430 S 8812.00
32895438 S 8810.00
32895444 B 8828.00
32895481 B 8830.00
32895482 B 8828.00
32895561 B 8830.00
32895563 B 8828.00
32900453 B 8826.00
32900628 B 8828.00
32900731 B 8826.00
32900744 B 8828.00
32900804 B 8826.00
32901360 B 8828.00
32913787 S 8811.00
32913789 S 8812.00
32918314 S 8811.00
32924852 S 8814.00
32927761 B 8830.00
32927762 B 8828.00
32929896 B 8830.00
32929897 B 8828.00
32937303 B 8826.00
32940587 B 8828.00
32941100 B 8826.00
32941481 B 8828.00
32941885 B 8826.00
32942226 B 8828.00
32942588 B 8826.00
32943000 B 8828.00
32943373 B 8826.00
32943760 B 8828.00
32944125 B 8826.00
32944608 B 8828.00
32944996 B 8826.00
32945424 B 8828.00
32945765 B 8826.00
32946200 B 8828.00
32946596 B 8826.00
32946984 B 8828.00
32947339 B 8826.00
32947689 B 8828.00
32948148 B 8826.00
32948551 B 8828.00
32948884 B 8826.00
32949339 B 8828.00
32949643 B 8826.00
32955444 S 8811.00
32955445 S 8813.50
32961044 B 8825.60
32968771 B 8826.00
32976992 S 8820.00
32977047 B 8828.00
32977077 S 8819.50
32977078 S 8824.00
32980247 S 8819.50
32981242 S 8812.50
32981244 S 8816.50
32981245 S 8818.50
32981246 S 8816.50
32981246 S 8818.00
32985304 S 8817.00
32985335 B 8826.00
32985429 S 8814.00
32986811 B 8825.00
32986812 B 8824.00
32987072 B 8825.00
32987339 B 8824.00
32987713 B 8825.00
32988035 B 8824.00
32988036 B 8825.00
32988036 B 8824.00
32988248 B 8825.00
32988483 B 8824.00
32988484 B 8825.00
32988484 B 8824.00
32988696 B 8825.00
32988922 B 8823.00
32988946 B 8824.00
32988946 B 8822.00
32989144 B 8824.00
32989156 B 8828.00
32989157 B 8826.00
32989159 B 8825.00
32989160 B 8824.00
32989161 B 8825.00
32989368 B 8824.00
32989369 B 8825.00
32989369 B 8824.00
32989376 B 8825.00
32989376 B 8824.00
32989583 B 8825.00
32989816 S 8810.00
32989844 B 8824.00
32989858 B 8825.00
32989858 B 8824.00
32990055 B 8825.00
32990387 B 8823.00
32990575 B 8825.00
32991858 B 8823.00
32992071 B 8825.00
32992289 B 8823.00
32992290 B 8824.00
32992290 B 8822.00
32992512 B 8824.00
32992753 B 8822.00
32992754 B 8824.00
32992754 B 8822.00
32992968 B 8824.00
32993335 B 8821.00
32993336 B 8823.00
32993336 B 8820.00
32993441 B 8823.00
32998342 S 8813.00
33004820 S 8810.00
33021096 B 8820.00
33059702 S 8814.00
33070545 S 8818.00
33070564 S 8814.00
33070565 S 8818.00
33079233 S 8814.00
33079268 S 8818.00
33088318 S 8814.00
33088320 S 8818.00
33109449 S 8816.00
33109645 B 8826.00
33109647 S 8818.00
33109647 S 8819.00
33109656 B 8827.00
33109671 S 8818.00
33109672 S 8819.00
33109700 S 8818.00
33109706 B 8828.00
33109706 B 8826.00
33115632 S 8813.00
33115654 S 8808.00
33115656 S 8809.00
33115967 S 8808.00
33119540 B 8825.00
33120499 B 8824.50
33128171 B 8824.00
33128172 B 8824.50
33128172 B 8824.00
33129170 B 8819.00
33131882 B 8824.00
33154858 B 8822.00
33154859 B 8820.00
33160079 B 8822.00
33160839 B 8821.00
33162322 B 8819.00
33164737 B 8821.00
33164740 B 8819.00
33164741 B 8821.00
33164741 B 8818.00
33164743 B 8821.00
33169493 B 8817.00
33169508 B 8821.00
33172604 S 8810.00
33173893 B 8817.00
33175738 S 8808.00
33175739 B 8820.00
33175739 B 8816.00
33175739 S 8810.00
33188548 B 8818.00
33188674 B 8816.00
33188675 B 8818.00
33188675 B 8816.00
33188681 B 8818.00
33191218 B 8820.00
33193482 S 8808.00
33193634 S 8811.00
33194721 S 8810.25
33194722 S 8813.25
33197388 B 8825.00
33197388 B 8824.00
33197392 B 8823.00
33197393 B 8821.00
33197398 B 8822.00
33198069 B 8818.00
33200873 S 8814.00
33200901 B 8816.50
33200902 S 8813.25
33200902 S 8811.00
33200902 B 8815.00
33200903 B 8816.50
33200903 B 8818.00
33200905 S 8814.00
33201155 S 8811.00
33201159 S 8814.00
33201288 B 8820.00
33201289 B 8822.00
33201291 B 8821.00
33203186 B 8823.00
33203186 B 8822.00
33203189 B 8821.00
33215753 S 8815.00
33231173 B 8819.71
33233463 B 8821.00
33240082 S 8813.00
33240084 B 8820.00
33240085 B 8821.00
33244894 S 8809.00
33244896 S 8813.00
33247659 S 8810.60
33247661 S 8814.20
33291587 S 8813.51
33300492 B 8823.00
33300492 B 8822.00
33300495 B 8823.00
33300495 B 8821.00
33300521 B 8823.00
33322247 S 8813.00
33322247 S 8812.08
33322249 S 8815.31
33335312 S 8812.08
33335312 S 8809.00
33335504 S 8812.00
33379832 B 8822.00
33379858 B 8823.00
33379858 B 8822.00
33379859 B 8823.00
33426090 B 8821.00
33430822 B 8820.00
33433855 B 8822.00
33439629 S 8811.00
33439630 S 8812.59
33470788 S 8809.59
33471028 B 8825.00
33471028 B 8824.00
33488557 S 8808.00
33495816 S 8812.00
33499407 S 8816.00
33507121 B 8825.00
33507121 S 8824.00
33510279 B 8826.00
33512164 B 8828.00
33513884 B 8830.00
33513885 B 8828.00
33514381 B 8830.00
33514383 B 8828.00
33515371 S 8816.60
33515372 S 8808.60
33515376 S 8812.60
33517440 B 8826.00
33517441 S 8816.20
33523994 S 8820.00
33527395 S 8818.20
33527868 S 8820.00
33529469 S 8814.60
33529473 S 8818.20
33529620 S 8814.60
33531377 S 8808.60
33531378 S 8814.60
33552623 S 8814.00
33552624 S 8820.00
33557782 S 8814.60
33557782 S 8808.60
33557784 S 8814.60
33557828 S 8820.00
33564960 B 8828.00
33566879 B 8827.10
33576247 B 8826.40
33577296 B 8827.10
33628411 B 8825.70
33645407 S 8821.00
33660845 B 8827.10
33660846 S 8822.00
33688198 S 8821.00
33691148 S 8822.00
33701291 B 8828.00
33737144 S 8821.00
33739057 S 8821.53
33751054 B 8825.00
33790100 S 8822.00
33814163 S 8821.53
33825313 B 8828.00
33825313 S 8823.00
33825315 S 8824.06
33856847 S 8823.00
33858757 S 8821.53
33874007 S 8821.00
33874008 S 8822.59
33887896 S 8821.00
33887896 S 8815.50
33887896 S 8809.60
33887898 S 8815.50
33891117 S 8820.00
33928720 B 8826.00
33940164 S 8815.50
33940168 S 8818.20
33942416 B 8828.00
33942528 S 8820.00
33942568 B 8830.00
33942570 B 8828.00
33944822 B 8830.00
33944823 B 8828.00
33950078 S 8818.20
33953353 B 8827.74
33963683 S 8819.10
33973112 S 8820.00
33985038 B 8827.54
33992724 B 8825.90
34040171 S 8819.10
34048007 B 8826.00
34048008 S 8820.00
34048456 B 8828.00
34048456 B 8829.74
34048459 B 8828.74
34048459 B 8826.87
34048461 B 8827.74
34050455 S 8819.10
34062173 S 8820.00
34062173 S 8819.90
34062174 S 8820.00
34095516 S 8819.10
34117521 B 8828.00
34117521 B 8830.00
34131453 B 8824.00
34141921 B 8830.00
34141922 B 8824.00
34160607 B 8830.00
34162888 S 8822.00
34167534 B 8828.00
34167536 B 8829.00
34168117 B 8830.00
34168117 S 8821.10
34168117 S 8822.60
34175314 S 8819.60
34179829 S 8822.60
34184108 S 8821.10
34184111 S 8822.00
34184120 S 8821.60
34184397 S 8821.10
34184397 S 8822.60
34188328 S 8824.00
34189440 S 8821.10
34189442 B 8827.00
34189465 B 8826.00
34190793 B 8829.00
34190794 B 8830.00
34190795 S 8824.00
34190795 B 8829.00
34190797 B 8830.00
34190843 S 8821.10
34190843 S 8818.10
34190848 B 8829.00
34190849 S 8819.10
34190850 B 8828.00
34190851 S 8820.00
34190851 S 8819.10
34190852 S 8820.00
34190852 S 8819.10
34190852 S 8820.00
34190853 S 8819.10
34190853 S 8820.00
34190854 S 8819.10
34190854 S 8820.00
34190855 S 8819.10
34190855 S 8820.00
34190856 S 8819.10
34190856 S 8820.00
34190857 S 8819.10
34190857 S 8820.00
34190858 S 8819.10
34190858 B 8829.00
34190858 S 8821.00
34190858 B 8828.00
34190859 S 8820.10
34190859 B 8829.00
34190859 S 8822.00
34190859 B 8828.00
34190860 S 8820.10
34190860 S 8822.00
34190861 S 8820.10
34190861 S 8822.00
34190867 B 8829.00
34190867 B 8828.00
34190868 S 8820.10
34190868 S 8822.00
34190869 B 8829.00
34190869 B 8828.00
34190869 S 8820.10
34190869 S 8822.00
34190870 S 8820.10
34190870 S 8822.00
34190871 B 8829.00
34190872 S 8820.10
34190872 S 8822.00
34190873 S 8820.10
34190873 S 8823.00
34190897 S 8821.10
34194636 S 8824.00
34195805 B 8830.00
34195807 S 8825.00
34195808 B 8829.00
34195819 S 8824.00
34195820 B 8828.00
34195822 B 8829.00
34198278 B 8828.00
34199852 S 8825.00
34200013 S 8826.00
34200014 S 8825.00
34200014 S 8826.00
34200032 S 8825.00
34200042 S 8824.00
34200043 S 8825.00
34200046 S 8826.00
34200050 S 8825.00
34200051 S 8824.00
34200052 S 8825.00
34200053 S 8824.00
34200232 S 8825.00
34200238 B 8829.00
34200265 B 8830.00
34200318 S 8826.00
34200437 B 8832.00
34200509 B 8832.50
34200519 B 8832.00
34200523 B 8832.50
34200673 S 8827.00
34200674 S 8828.00
34200839 S 8827.00
34200868 B 8832.00
34200964 S 8827.04
34201073 S 8827.00
34201100 S 8826.00
34201102 S 8825.00
34201102 S 8826.00
34201103 S 8825.00
34201103 S 8826.00
34201104 B 8831.00
34201158 B 8830.28
34201158 S 8825.00
34201159 S 8826.00
34201178 S 8825.00
34201178 S 8826.00
34201198 B 8831.00
34201440 B 8830.00
34201454 B 8831.00
34201518 B 8830.00
34201524 B 8831.00
34201560 B 8832.00
34202194 S 8825.00
34202195 S 8826.00
34202196 S 8825.00
34202226 S 8826.00
34202269 S 8825.00
34202269 S 8826.00
34202893 S 8827.29
34202895 S 8828.00
34203131 S 8827.61
34203166 S 8827.29
34203166 S 8826.61
34204728 S 8827.95
34205166 S 8828.00
34205260 B 8831.28
34205336 B 8830.28
34205514 S 8827.00
34205514 S 8826.95
34205515 S 8826.00
34205649 B 8830.00
34205651 B 8830.28
34205850 B 8830.00
34205875 S 8825.00
34205875 S 8824.00
34205876 B 8830.28
34205876 B 8830.00
34205880 B 8830.28
34205881 B 8829.00
34205882 B 8828.00
34205883 B 8829.00
34205884 B 8828.00
34205885 B 8829.28
34205885 B 8828.00
34205900 B 8829.28
34205900 B 8828.00
34205902 B 8829.28
34205902 B 8828.00
34205903 B 8829.28
34205903 B 8828.00
34205904 B 8829.28
34205904 B 8827.00
34205905 B 8828.28
34205905 B 8826.00
34205905 B 8828.28
34205926 B 8827.00
34205926 B 8828.28
34205964 S 8823.00
34205965 B 8826.00
34205965 B 8828.28
34205966 B 8826.00
34205967 B 8828.28
34205967 B 8826.00
34205972 B 8828.28
34205972 B 8826.00
34205973 B 8828.28
34205973 B 8826.00
34205974 B 8828.28
34205986 B 8828.00
34206032 B 8826.00
34206052 B 8828.00
34206053 B 8826.00
34206055 B 8828.00
34206057 B 8826.00
34206058 B 8828.00
34206060 B 8826.00
34206062 B 8828.00
34206082 B 8827.28
34206082 B 8827.00
34206109 B 8826.00
34206172 B 8827.00
34206172 B 8828.56
34206172 S 8826.00
34206173 B 8828.00
34206182 B 8827.28
34206183 B 8826.56
34206184 B 8826.00
34206192 B 8826.28
34206192 B 8827.00
34206193 B 8826.28
34206194 B 8826.00
34206194 B 8826.28
34206195 B 8826.00
34206195 B 8826.28
34206196 B 8826.00
34206196 B 8826.28
34206198 B 8827.00
34206200 S 8825.00
34206201 B 8828.00
34206201 B 8829.12
34206220 B 8830.00
34206220 B 8831.74
34206221 S 8826.00
34206222 B 8831.56
34206237 B 8830.56
34206238 S 8825.00
34206238 S 8826.00
34206239 B 8831.00
34206239 S 8825.00
34206239 B 8830.56
34206239 B 8831.56
34206239 B 8829.56
34206240 S 8824.00
34206240 B 8830.00
34206241 B 8829.12
34206241 S 8823.00
34206242 B 8831.12
34206245 S 8825.00
34206247 S 8826.00
34206247 S 8825.00
34206259 S 8823.00
34206270 S 8825.00
34206286 S 8826.00
34206286 S 8825.00
34206325 S 8826.00
34206325 S 8825.00
34206327 S 8826.00
34206390 B 8831.18
34206394 B 8831.12
34206439 B 8832.00
34206443 S 8825.00
34206443 S 8826.00
34206444 S 8825.00
34206444 S 8826.00
34206447 S 8825.00
34206447 S 8826.00
34206904 B 8831.28
34206963 B 8830.56
34206999 B 8830.00
34207000 S 8825.00
34207000 S 8823.00
34207000 S 8824.00
34207001 S 8825.00
34207009 B 8830.56
34207010 S 8826.00
34207025 B 8831.28
34207025 B 8832.00
34207025 S 8830.00
34207026 B 8832.50
34207028 B 8832.00
34207057 S 8828.00
34207058 S 8826.00
34207058 S 8823.00
34207058 S 8825.00
34207058 S 8826.00
34207058 B 8832.50
34207059 B 8832.00
34207188 B 8832.50
34207189 B 8832.00
34207354 B 8831.28
34207492 B 8830.28
34207543 B 8831.28
34207545 B 8830.28
34207555 B 8831.00
34207555 B 8832.00
34207555 S 8830.00
34207560 B 8832.50
34207564 B 8832.00
34207595 S 8828.00
34207596 S 8827.00
34207596 S 8826.00
34207597 S 8827.00
34207606 S 8825.00
34207606 S 8826.00
34207608 S 8825.00
34207608 S 8826.00
34207621 S 8825.00
34207621 S 8826.00
34207625 S 8825.00
34207626 S 8826.00
34207631 S 8825.00
34207631 S 8826.00
34207632 S 8825.00
34207632 S 8826.00
34207652 S 8825.00
34207652 S 8824.00
34207652 S 8825.00
34207652 S 8826.00
34207694 S 8828.00
34207724 S 8826.30
34207728 S 8826.00
34207765 S 8828.00
34207848 S 8826.00
34207937 S 8827.00
34207940 S 8828.00
34207972 S 8827.00
34208006 S 8828.00
34208006 S 8827.00
34208006 S 8828.00
34208085 S 8827.00
34208087 S 8826.00
34208493 S 8827.00
34208494 S 8828.00
34208499 S 8827.00
34208501 S 8828.00
34209323 S 8827.00
34209325 S 8826.00
34209846 B 8831.28
34209850 B 8832.00
34209959 S 8825.00
34209960 S 8826.00
34209970 B 8831.00
34209971 B 8830.00
34209978 B 8831.00
34210209 S 8827.00
34210210 B 8832.00
34210255 S 8830.00
34210394 B 8832.50
34210407 B 8832.00
34210495 S 8832.00
34210496 B 8833.00
34210510 B 8834.00
34210538 S 8830.00
34210828 S 8828.76
34211020 S 8830.00
34211475 S 8828.76
34211727 S 8826.00
34211736 S 8827.00
34211751 S 8826.00
34211753 S 8825.00
34212003 B 8832.56
34212034 B 8834.00
34212143 S 8826.00
34212183 S 8827.32
34212186 S 8826.98
34212186 S 8828.32
34212187 S 8827.98
34212187 S 8828.66
34212188 S 8829.66
34212189 S 8830.00
34212197 S 8829.32
34212199 S 8830.00
34212202 S 8829.32
34212206 S 8830.00
34212207 S 8829.32
34212209 S 8830.00
34212209 S 8829.32
34212212 S 8830.00
34212212 S 8829.32
34212214 S 8830.00
34212216 S 8829.32
34212221 S 8830.00
34212249 S 8828.98
34212249 S 8831.00
34212250 S 8829.98
34212250 S 8832.00
34212251 S 8829.98
34212251 S 8830.32
34212339 S 8832.00
34212341 S 8830.32
34212341 S 8832.00
34212361 S 8830.32
34212362 S 8827.32
34212364 S 8829.32
34212365 S 8830.00
34212703 S 8829.32
34212703 S 8831.00
34212703 S 8832.00
34212847 B 8837.00
34212851 B 8836.00
34212860 B 8837.00
34212869 B 8836.33
34212891 B 8837.00
34212916 S 8830.66
34212917 S 8832.00
34212950 B 8838.00
34213122 S 8833.00
34213124 S 8834.00
34213312 S 8835.00
34213313 S 8836.00
34213315 S 8835.00
34213315 S 8836.00
34213317 S 8835.00
34213317 S 8836.00
34213318 S 8835.00
34213319 S 8836.00
34213319 S 8835.00
34213320 S 8836.00
34213321 S 8835.00
34213321 S 8836.00
34213322 S 8835.00
34213323 S 8835.68
34213325 S 8835.00
34213325 S 8834.04
34213325 S 8834.36
34213326 S 8834.68
34213329 S 8834.00
34213332 S 8833.00
34213341 S 8834.00
34213343 S 8832.00
34213343 S 8834.00
34213356 S 8832.00
34213357 S 8829.66
34213357 S 8830.00
34213358 S 8829.66
34213366 S 8832.00
34213367 S 8831.66
34213367 S 8834.00
34213382 S 8831.66
34213390 S 8828.66
34213402 S 8830.66
34213403 S 8832.00
34213416 B 8837.00
34213441 B 8836.00
34213466 S 8830.66
34213466 B 8837.00
34213467 B 8836.00
34213468 B 8837.00
34213469 B 8836.00
34213475 S 8832.00
34213523 S 8830.66
34213523 S 8832.00
34213523 B 8837.00
34214351 B 8836.00
34214352 S 8831.68
34214352 S 8830.66
34214353 S 8831.68
34214358 B 8835.00
34214360 B 8834.00
34214364 S 8830.02
34214403 S 8828.66
34214622 B 8835.00
34214622 B 8834.00
34214710 B 8835.00
34214711 B 8836.00
34214782 B 8838.00
34214959 S 8829.66
34214960 S 8830.00
34214969 S 8832.00
34215005 S 8831.00
34215005 S 8832.00
34215108 S 8833.00
34215110 S 8834.00
34215111 S 8833.00
34215111 S 8834.00
34215116 S 8833.00
34215116 S 8834.00
34215119 S 8833.00
34215119 S 8834.00
34215122 S 8833.00
34215122 S 8834.00
34215127 S 8833.00
34215127 S 8834.00
34215130 S 8833.00
34215130 S 8834.00
34215133 S 8833.00
34215133 S 8835.00
34215135 S 8834.00
34215135 S 8836.00
34215191 S 8834.00
34215191 S 8836.00
34215192 S 8834.00
34215192 S 8836.00
34215198 S 8834.00
34215199 S 8836.00
34215201 S 8834.00
34215201 S 8833.00
34215201 S 8834.00
34215385 S 8832.00
34215389 S 8833.00
34215391 S 8834.00
34215393 S 8833.00
34215393 S 8834.00
34215395 S 8833.00
34215395 S 8834.00
34215399 S 8833.00
34215521 S 8832.78
34215542 S 8832.56
34215559 S 8832.78
34215561 S 8832.56
34215561 S 8832.78
34215567 S 8832.56
34215834 S 8831.00
34215836 B 8837.00
34215837 B 8836.00
34215846 B 8837.00
34215846 B 8836.00
34215910 B 8837.00
34215911 S 8830.66
34215911 B 8836.00
34215912 B 8837.00
34215912 B 8836.00
34215913 S 8828.66
34215914 B 8837.00
34215915 B 8836.00
34215916 B 8837.00
34215916 B 8836.00
34215925 S 8829.66
34215926 S 8830.00
34215939 S 8829.66
34216029 B 8835.00
34216118 S 8828.66
34216119 S 8828.32
34216120 B 8834.00
34216140 B 8835.00
34216140 B 8834.00
34216175 B 8830.86
34216176 B 8834.00
34216177 B 8835.00
34216178 B 8836.00
34216178 B 8835.00
34216188 B 8834.00
34216191 B 8835.00
34216209 B 8836.00
34216301 B 8833.84
34216303 B 8832.84
34216320 B 8832.56
34216323 B 8832.84
34216323 B 8832.56
34216334 B 8832.84
34216334 B 8832.56
34216346 B 8832.84
34216347 B 8832.56
34216427 B 8832.84
34216427 B 8832.56
34216429 B 8832.84
34216429 B 8832.56
34216430 B 8832.84
34216430 B 8832.56
34216450 S 8827.98
34216451 B 8832.84
34216451 B 8831.56
34216452 B 8831.84
34216453 B 8831.28
34216458 B 8831.84
34216458 B 8831.28
34216461 B 8831.84
34216462 B 8831.28
34216945 B 8832.00
34216946 S 8826.00
34216946 B 8831.94
34216946 B 8832.88
34216946 S 8826.68
34216947 B 8833.88
34216947 S 8826.82
34216947 S 8824.64
34216948 B 8832.88
34216949 B 8831.94
34216959 S 8825.50
34216967 S 8824.64
34217013 B 8832.00
34217015 B 8831.00
34217186 B 8831.30
34217291 B 8831.60
34217292 B 8831.30
34217333 B 8832.00
34217341 B 8833.00
34217360 S 8824.82
34217365 S 8825.82
34217366 S 8825.14
34217366 S 8826.00
34217406 B 8832.00
34217580 S 8827.00
34217581 S 8828.00
34218997 B 8835.00
34218999 B 8836.00
34219004 B 8835.00
34219005 B 8834.00
34219009 B 8835.00
34219065 B 8836.00
34219081 B 8835.00
34219087 B 8836.00
34219089 S 8830.00
34219105 B 8837.00
34219109 B 8838.00
34219110 B 8837.00
34219114 B 8836.00
34219115 B 8837.00
34219116 B 8836.00
34219122 B 8837.00
34219130 B 8836.00
34219138 B 8837.00
34219139 B 8836.00
34219160 B 8837.00
34219160 B 8836.00
34219225 S 8828.00
34219225 S 8830.00
34219282 B 8835.00
34219286 B 8834.00
34219300 B 8835.00
34219332 B 8834.00
34219333 B 8835.00
34219343 B 8836.00
34219412 S 8828.00
34219412 S 8830.00
34219513 S 8831.00
34219514 S 8832.00
34219722 B 8837.00
34219745 B 8836.00
34219957 S 8829.00
34219976 B 8835.00
34219984 S 8826.00
34219986 B 8834.00
34219987 B 8835.00
34219987 B 8834.00
34219988 S 8827.00
34219988 B 8835.00
34219989 S 8828.00
34219989 B 8834.44
34220022 B 8834.00
34220024 B 8834.44
34220025 B 8834.00
34220424 B 8832.00
34220493 S 8827.00
34225579 S 8826.00
34225579 S 8825.00
34225579 S 8825.68
34225579 S 8826.00
34225581 S 8825.68
34225584 S 8826.00
34225586 S 8826.68
34225615 B 8831.00
34225616 B 8830.00
34225633 S 8826.00
34225651 S 8825.68
34225660 S 8824.36
34225660 S 8824.68
34226966 B 8828.00
34228368 S 8826.00
34230486 B 8829.00
34230487 B 8828.00
34230487 B 8829.00
34230489 B 8828.00
34230808 B 8829.00
34231495 S 8825.00
34231496 S 8823.00
34231496 B 8828.00
34231601 S 8825.00
34231602 B 8829.00
34232035 B 8828.00
34232036 S 8823.00
34233957 B 8826.00
34234031 S 8822.00
34234689 B 8827.00
34234698 B 8828.00
34234711 S 8823.00
34234745 B 8826.00
34234746 S 8822.00
34235788 S 8820.00
34235794 S 8822.00
34235799 S 8821.00
34238130 S 8822.00
34238845 S 8824.00
34238866 S 8823.00
34238963 S 8825.00
34239143 B 8827.00
34239206 B 8828.00
34239799 S 8824.00
34239799 B 8824.00
34239800 S 8823.00
34239800 S 8822.00
34239837 B 8826.00
34239838 B 8827.00
34239839 B 8826.00
34239852 B 8827.00
34239859 B 8826.00
34239861 B 8827.00
34239864 B 8826.00
34239870 B 8827.00
34239891 B 8826.00
34239925 B 8824.00
34239941 B 8825.00
34239950 B 8827.00
34239951 B 8826.00
34239973 B 8824.00
34239995 B 8826.00
34240041 B 8827.00
34240041 B 8826.00
34240094 B 8824.00
34240591 B 8825.00
34240592 B 8826.00
34240593 B 8825.00
34240595 B 8826.00
34240597 B 8825.00
34240599 B 8826.00
34240607 S 8821.98
34240644 S 8820.00
34240644 S 8819.10
34240646 S 8820.00
34240646 S 8819.10
34240648 S 8818.10
34240651 S 8820.00
34240658 S 8819.10
34240658 B 8825.00
34240658 S 8820.00
34240659 S 8819.10
34240659 S 8820.00
34240660 S 8819.10
34240663 B 8824.00
34240669 S 8818.10
34240672 S 8819.10
34240672 B 8825.00
34240672 B 8824.00
34240675 S 8820.00
34240680 S 8819.10
34240681 S 8818.10
34240724 B 8823.00
34240769 B 8824.00
34240769 B 8825.00
34240771 B 8824.00
34240772 B 8823.00
34240780 B 8824.00
34240902 B 8825.00
34240905 B 8824.00
34240907 S 8819.10
34240907 S 8820.00
34240911 B 8825.00
34240923 B 8826.00
34241052 S 8824.00
34241053 B 8828.00
34241068 B 8827.00
34241088 S 8825.00
34241096 B 8828.00
34241814 B 8827.00
34243182 B 8828.00
34243441 B 8829.00
34243444 S 8826.00
34243446 S 8825.00
34243448 S 8826.00
34243453 B 8828.00
34243462 B 8829.00
34243525 B 8830.00
34243563 B 8832.00
34243587 B 8831.00
34243787 B 8832.00
34244629 S 8825.00
34244630 S 8826.00
34244638 S 8825.00
34244640 S 8824.00
34244641 B 8831.00
34244642 S 8825.00
34244642 B 8830.00
34244656 B 8831.00
34244656 B 8830.00
34244701 B 8829.00
34244703 B 8828.00
34244737 S 8826.00
34244768 S 8825.00
34244810 S 8826.00
34244879 S 8825.00
34244972 S 8824.00
34245634 B 8829.00
34245657 B 8828.00
34245658 B 8829.00
34245659 B 8828.00
34246344 B 8829.00
34246346 S 8825.00
34246360 B 8830.00
34246363 S 8826.00
34246365 S 8825.00
34246380 B 8829.00
34246408 S 8826.00
34246453 S 8825.00
34246600 S 8826.00
34246644 S 8825.00
34247306 S 8826.00
34247679 B 8830.00
34248606 S 8825.00
34248606 S 8824.00
34248620 B 8829.00
34248899 B 8828.00
34249251 S 8823.85
34249430 S 8822.85
34249430 S 8823.85
34249678 S 8822.85
34249681 B 8826.00
34249689 S 8822.51
34249745 S 8822.00
34250881 B 8825.00
34250884 B 8824.00
34250946 B 8825.00
34250946 B 8824.00
34250960 B 8825.00
34250983 B 8824.00
34251014 B 8825.00
34251015 B 8824.00
34251042 B 8825.00
34251103 S 8821.00
34251194 B 8824.00
34251318 B 8825.00
34251388 B 8824.00
34252671 B 8825.00
34253286 B 8826.00
34253482 S 8821.50
34253940 S 8821.00
34254639 S 8822.00
34259539 B 8827.00
34259539 B 8828.00
34259553 B 8827.00
34259557 B 8826.00
34259559 B 8827.00
34259559 B 8826.00
34261108 B 8827.00
34261277 S 8824.00
34261437 S 8822.00
34262274 B 8826.00
34263075 B 8827.00
34263302 B 8826.00
34270340 B 8825.00
34271667 S 8821.00
34271893 S 8820.00
34272370 S 8819.10
34272372 S 8820.00
34272809 B 8824.00
34272811 B 8825.00
34272812 B 8824.00
34273247 B 8822.00
34273248 S 8819.10
34273253 S 8818.10
34273269 S 8819.10
34273274 S 8820.00
34273847 S 8819.10
34273970 S 8818.10
34274319 S 8818.00
34274374 S 8816.00
34274432 S 8815.00
34274438 S 8816.00
34274527 S 8815.00
34274545 S 8814.00
34274559 S 8799.30
34274560 B 8820.00
34274561 S 8813.00
34274562 S 8814.00
34274599 S 8808.30
34274601 S 8813.00
34274607 S 8814.00
34274608 S 8813.00
34274609 S 8814.00
34274622 S 8813.00
34274628 S 8812.00
34274669 S 8813.00
34274958 S 8814.00
34274968 S 8813.00
34274968 S 8814.00
34274969 S 8813.00
34274969 S 8814.00
34274988 S 8813.00
34274991 B 8819.00
34274991 B 8818.00
34274998 S 8812.00
34275009 S 8811.00
34275009 S 8812.00
34275012 S 8813.00
34275013 S 8814.00
34275041 B 8819.00
34275041 B 8818.00
34275079 S 8812.00
34275131 S 8810.00
34275140 S 8805.40
34275140 S 8810.00
34275147 B 8817.00
34275147 B 8816.00
34275180 S 8809.00
34275198 S 8808.00
34275199 B 8815.00
34275200 B 8814.00
34275202 B 8815.00
34275202 B 8814.00
34275250 B 8815.00
34275250 S 8807.10
34275251 S 8808.00
34275251 B 8814.00
34275252 B 8815.00
34275252 B 8814.00
34275320 B 8815.00
34275320 B 8814.00
34275465 B 8815.00
34275465 B 8814.00
34275488 B 8815.00
34275488 B 8814.00
34275499 S 8807.10
34275509 S 8808.00
34275513 S 8807.10
34275620 B 8813.00
34275621 B 8812.00
34275888 S 8806.10
34275898 S 8807.10
34275945 B 8813.00
34275945 S 8806.10
34275946 B 8812.00
34275947 S 8808.00
34275948 B 8813.00
34275948 B 8814.00
34275948 B 8813.00
34275949 S 8807.10
34275952 S 8808.00
34275960 S 8807.10
34275961 S 8806.10
34275961 S 8807.10
34275961 S 8808.00
34275965 B 8812.00
34275966 B 8813.00
34275966 B 8812.00
34275967 S 8807.10
34275967 S 8808.00
34275970 S 8807.10
34275970 S 8806.10
34275979 S 8807.10
34275979 S 8808.00
34275983 B 8813.00
34275986 B 8814.00
34276025 B 8810.00
34276028 S 8807.10
34276033 B 8811.12
34276034 S 8808.00
34276035 B 8811.06
34276038 S 8807.10
34276050 B 8811.12
34276051 B 8810.00
34276055 B 8813.00
34276055 B 8812.00
34276067 B 8813.00
34276067 B 8812.00
34276067 S 8808.00
34276081 S 8807.10
34276081 S 8808.00
34276100 S 8807.10
34276100 S 8808.00
34276100 B 8813.00
34276101 S 8807.10
34276101 S 8808.00
34276170 B 8812.00
34276171 S 8807.10
34276171 S 8808.00
34276176 B 8813.00
34276177 S 8807.10
34276177 S 8808.00
34276180 S 8807.10
34276180 B 8814.00
34276180 S 8808.00
34276217 B 8815.00
34276217 B 8814.00
34276228 B 8815.00
34276229 B 8814.00
34276229 S 8809.00
34276230 B 8815.00
34276230 B 8814.00
34276231 S 8810.00
34276231 S 8809.00
34276232 B 8815.00
34276232 B 8813.00
34276233 S 8808.00
34276234 B 8814.00
34276235 B 8812.00
34276236 B 8814.00
34276236 B 8812.00
34276340 B 8813.00
34276341 B 8812.00
34276342 B 8813.00
34276342 B 8812.00
34276342 S 8807.10
34276343 S 8808.00
34276343 B 8813.00
34276343 B 8812.00
34276344 S 8807.10
34276344 B 8813.00
34276344 S 8808.00
34276345 B 8812.00
34276345 S 8807.10
34276345 S 8808.00
34276346 B 8813.00
34276346 S 8807.10
34276346 S 8808.00
34276346 B 8812.00
34276347 B 8813.00
34276347 S 8807.10
34276348 S 8808.00
34276348 B 8811.00
34276349 S 8807.10
34276349 S 8808.00
34276349 B 8812.00
34276350 B 8810.00
34276350 S 8807.10
34276350 S 8808.00
34276358 S 8807.10
34276358 S 8808.00
34276359 S 8807.10
34276359 S 8808.00
34276461 B 8812.00
34276461 B 8810.00
34276465 B 8812.00
34276465 B 8814.00
34276466 B 8812.00
34276468 B 8814.00
34276468 S 8807.10
34276468 S 8808.00
34276469 S 8807.10
34276469 S 8808.00
34276519 S 8807.10
34276519 S 8808.00
34276519 B 8813.00
34276539 S 8807.10
34276539 S 8808.00
34276541 B 8812.00
34276541 S 8807.10
34276542 S 8808.00
34276542 B 8813.00
34276549 S 8807.10
34276550 S 8808.00
34276557 S 8807.10
34276558 S 8808.00
34276573 B 8812.00
34276585 B 8813.00
34276597 B 8812.00
34276598 B 8813.00
34276598 B 8812.00
34276623 B 8813.00
34276636 B 8812.00
34276655 S 8807.10
34276661 S 8808.00
34276666 B 8812.06
34276667 B 8813.00
34276668 B 8815.00
34276669 B 8813.00
34276679 B 8815.00
34276693 B 8814.00
34276702 B 8815.00
34276702 B 8814.00
34276750 B 8815.00
34276888 B 8814.00
34276893 B 8815.00
34276893 B 8814.00
34276917 B 8815.00
34276932 B 8816.00
34276938 S 8807.40
34276938 S 8808.00
34276973 B 8815.00
34276976 B 8813.00
34276983 B 8815.00
34276989 B 8816.00
34276993 S 8809.00
34276994 S 8809.30
34277044 B 8815.00
34277073 B 8814.40
34277347 S 8808.30
34277476 B 8814.00
34277477 B 8814.80
34277478 B 8814.00
34277487 B 8814.40
34277487 B 8814.00
34279649 S 8809.30
34279650 S 8809.00
34279650 S 8809.30
34279651 S 8810.00
34279672 S 8809.30
34279679 S 8808.30
34279681 S 8809.30
34279685 B 8814.76
34279691 S 8810.00
34280371 S 8809.30
34280377 S 8807.70
34280378 S 8808.30
34280534 S 8808.00
34280535 B 8815.36
34280591 B 8814.36
34280600 B 8815.36
34280633 B 8814.36
34280634 B 8814.00
34280676 B 8814.36
34280677 B 8815.00
34280678 B 8814.00
34281019 B 8815.00
34281019 B 8814.00
34281042 B 8813.00
34281610 B 8812.00
34281610 B 8813.00
34281611 B 8812.66
34282008 S 8807.10
34282009 S 8808.00
34282014 S 8807.10
34282015 S 8808.00
34282024 S 8807.10
34282024 S 8808.00
34282888 B 8813.66
34282902 S 8809.00
34282903 S 8810.00
34282956 B 8814.00
34282969 S 8809.00
34283020 S 8810.00
34283025 S 8809.00
34283025 S 8810.00
34283039 S 8809.00
34283058 S 8808.00
34283061 S 8809.00
34283290 B 8815.00
34283291 S 8810.00
34283294 S 8809.00
34283294 S 8810.00
34283900 S 8809.00
34283929 S 8808.00
34283958 B 8814.00
34283959 B 8815.00
34283959 B 8814.00
34284095 B 8813.00
34284239 B 8812.00
34284247 B 8813.00
34284250 B 8812.00
34284251 B 8813.00
34284251 B 8812.00
34284271 B 8813.00
34284288 S 8807.10
34284288 S 8808.00
34286073 B 8812.00
34287039 S 8807.10
34287039 S 8808.00
34287941 B 8813.50
34287943 S 8807.10
34287943 S 8808.00
34288620 S 8807.10
34288620 S 8808.00
34290360 S 8807.10
34290361 S 8808.00
34290364 B 8812.50
34290365 S 8807.10
34290365 S 8808.00
34290365 B 8812.00
34290379 B 8813.00
34290408 S 8807.10
34290409 S 8808.00
34290559 S 8807.10
34290559 S 8808.00
34290658 B 8812.00
34291081 B 8812.50
34291081 B 8812.00
34291827 B 8813.00
34291928 S 8807.10
34291929 S 8808.00
34291941 S 8807.10
34291941 S 8808.00
34292879 B 8813.50
34293568 S 8807.10
34293568 S 8808.00
34293588 S 8807.00
34293588 S 8808.00
34293598 S 8807.00
34293598 S 8806.00
34293600 S 8796.00
34293602 S 8806.00
34293681 S 8801.00
34293681 S 8805.00
34293682 B 8812.50
34293684 B 8813.50
34293695 B 8812.50
34293696 B 8812.00
34293729 S 8804.00
34293729 S 8805.00
34293730 B 8810.00
34293750 B 8809.00
34293782 B 8808.00
34293782 B 8809.00
34293784 B 8808.00
34293850 S 8803.00
34293850 S 8804.00
34293876 S 8803.00
34293877 S 8804.00
34293879 B 8809.00
34293891 S 8803.50
34293910 S 8804.00
34293911 S 8803.50
34293911 S 8804.00
34293980 B 8810.00
34293997 S 8803.50
34294069 B 8809.00
34294069 B 8808.00
34294069 S 8802.50
34294090 S 8800.00
34294090 S 8802.50
34294091 S 8802.00
34294149 S 8801.00
34294153 S 8802.00
34294245 S 8803.00
34294246 S 8804.00
34294263 S 8803.00
34294279 S 8804.00
34294281 S 8803.00
34294281 S 8804.00
34294283 B 8809.00
34294286 B 8808.00
34294297 S 8803.00
34294315 S 8804.00
34294331 S 8803.00
34294331 S 8804.00
34294344 S 8803.00
34294357 S 8802.00
34294357 S 8803.00
34294357 S 8802.00
34294366 B 8809.00
34294366 B 8808.00
34294382 B 8809.00
34294382 B 8808.00
34294383 B 8809.00
34294384 B 8808.00
34294404 B 8809.00
34294404 B 8808.00
34295121 S 8802.82
34296255 B 8809.00
34296256 B 8810.00
34296256 B 8809.00
34296257 B 8808.00
34296555 B 8809.00
34296555 B 8810.00
34296558 S 8803.82
34296559 S 8804.00
34296562 S 8803.00
34296562 S 8804.00
34296563 S 8803.00
34296563 S 8804.00
34296564 S 8803.00
34296564 S 8804.00
34296565 S 8803.00
34296565 S 8804.00
34296566 S 8803.00
34296566 S 8804.00
34296567 S 8803.00
34296567 S 8805.00
34296568 S 8804.00
34296568 S 8806.00
34296569 S 8804.00
34296569 S 8806.00
34296570 S 8804.00
34296570 S 8806.00
34296578 S 8804.00
34296578 S 8806.00
34296628 S 8804.00
34296628 S 8806.00
34296629 S 8804.00
34296630 S 8806.00
34296837 S 8805.00
34296839 S 8806.00
34296846 S 8805.00
34296848 S 8805.30
34296849 S 8804.30
34296849 S 8804.00
34296850 S 8800.50
34296852 S 8804.00
34296853 S 8805.00
34296853 S 8806.00
34296860 S 8800.00
34296860 B 8809.00
34296860 S 8804.00
34296861 S 8798.00
34296861 S 8799.00
34296862 S 8802.00
34296862 B 8808.00
34296868 B 8809.00
34296869 S 8803.00
34296870 S 8804.00
34296870 B 8808.00
34296871 S 8803.00
34296871 S 8804.00
34296872 B 8809.00
34297942 B 8806.00
34297943 S 8803.00
34297943 B 8808.00
34297944 S 8804.00
34297945 B 8809.00
34297946 B 8808.00
34297946 S 8803.00
34297947 S 8803.80
34297947 B 8809.00
34297947 B 8810.00
34297947 B 8809.00
34297947 B 8808.00
34298157 S 8804.00
34298391 S 8806.00
34298392 B 8809.00
34298393 B 8808.75
34298393 S 8804.00
34298394 B 8809.75
34298395 S 8803.80
34298395 S 8802.80
34298396 B 8808.75
34298396 B 8808.00
34298396 S 8803.80
34298397 B 8808.75
34298398 S 8804.00
34298398 S 8803.80
34298400 S 8804.00
34298533 S 8803.80
34298535 S 8802.80
34299061 S 8801.80
34299064 S 8802.60
34299067 S 8802.80
34299160 B 8808.00
34299162 S 8803.80
34299162 B 8808.75
34299163 S 8802.80
34299164 B 8808.00
34299165 S 8803.80
34299165 S 8802.80
34299165 B 8808.75
34299173 B 8808.00
34299202 S 8803.80
34299202 S 8802.80
34299202 B 8808.75
34299215 B 8808.00
34299264 S 8802.00
34299292 S 8803.00
34299294 B 8808.75
34299482 S 8804.00
34299483 S 8803.00
34299485 S 8804.00
34299486 S 8803.00
34299669 B 8808.00
34299670 S 8804.00
34299672 S 8803.00
34299699 S 8801.00
34299699 S 8802.00
34299700 S 8801.00
34299701 S 8802.00
34299701 S 8801.00
34299701 S 8802.00
34299709 B 8807.00
34299800 B 8806.00
34299801 S 8801.00
34299801 B 8807.00
34299801 B 8806.00
34299802 S 8802.00
34299808 B 8807.00
34299808 B 8806.00
34299809 B 8807.00
34299809 B 8806.00
34299819 B 8807.00
34299819 B 8806.00
34299820 B 8807.00
34299820 B 8806.00
34299821 B 8807.00
34300357 B 8808.00
34300364 S 8801.75
34300365 B 8807.00
34300366 S 8800.75
34300366 S 8801.75
34300368 S 8800.75
34300400 B 8806.00
34300402 B 8807.00
34300402 S 8801.75
34300402 B 8806.00
34300402 S 8800.75
34300403 B 8807.00
34300403 S 8801.75
34300404 S 8800.75
34300411 S 8801.75
34300413 S 8802.00
34300414 S 8801.75
34300421 S 8802.00
34300468 S 8801.75
34300470 S 8800.75
34300472 S 8800.00
34300474 B 8806.00
34300475 B 8807.00
34300475 B 8806.00
34300476 S 8801.00
34300477 B 8807.00
34300477 S 8802.00
34300478 B 8806.00
34300490 S 8801.00
34300490 S 8802.00
34300491 S 8801.00
34300492 S 8800.00
34300492 S 8801.00
34300512 S 8802.00
34300512 S 8801.00
34300513 S 8802.00
34307276 S 8801.00
34307679 S 8802.00
34307688 S 8801.00
34308098 S 8802.00
34308100 S 8801.00
34308141 S 8802.00
34308142 S 8801.00
34308181 S 8802.00
34308287 S 8801.00
34308355 S 8802.00
34312112 S 8802.19
34312115 S 8802.00
34312116 S 8801.00
34312116 S 8802.00
34312119 S 8801.00
34312160 S 8802.00
34312167 S 8804.00
34312168 B 8807.00
34312278 B 8808.00
34312280 B 8809.00
34312371 B 8810.00
34312371 B 8811.00
34312371 B 8811.48
34312373 S 8804.48
34312378 S 8805.48
34312379 S 8806.00
34312383 S 8805.48
34312385 S 8806.00
34312389 B 8810.00
34312391 S 8805.48
34312391 S 8805.00
34312393 S 8806.00
34312394 S 8805.00
34312395 S 8804.00
34312395 S 8804.48
34312395 S 8805.48
34312396 S 8805.00
34312397 S 8806.00
34312397 S 8805.00
34312399 S 8806.00
34313603 S 8805.48
34313606 S 8806.00
34313610 B 8811.00
34313611 S 8806.48
34313613 S 8805.96
34313614 S 8805.00
34313616 S 8807.00
34313616 S 8808.00
34313617 S 8807.00
34313617 S 8805.00
34313619 S 8807.00
34313620 S 8805.00
34313622 S 8807.00
34313624 S 8808.00
34313624 S 8807.00
34313624 S 8805.00
34313625 S 8807.00
34313626 S 8808.00
34313627 S 8807.00
34313627 S 8805.00
34313628 S 8807.00
34313629 S 8805.00
34313632 S 8806.00
34313639 S 8806.48
34313640 S 8806.00
34313641 B 8810.00
34313643 S 8805.00
34313646 S 8806.00
34314310 S 8805.00
34314356 S 8804.00
34316303 B 8809.00
34316361 B 8808.00
34316371 B 8809.00
34316372 B 8808.00
34316419 B 8809.00
34317811 B 8808.00
34318232 S 8803.48
34318233 B 8809.00
34318234 B 8808.00
34318235 B 8809.00
34318235 B 8808.00
34318297 B 8809.00
34318298 B 8810.00
34321609 S 8803.00
34322014 S 8805.00
34322579 S 8804.00
34322580 S 8803.00
34322588 S 8802.00
34322590 B 8809.00
34322591 S 8804.00
34322591 S 8805.00
34322591 B 8808.00
34322631 S 8803.00
34322709 S 8805.00
34322776 S 8806.00
34323500 S 8805.80
34323502 B 8809.00
34323767 B 8808.00
34323886 S 8806.00
34323923 S 8805.80
34323932 B 8809.00
34324554 S 8806.00
34327123 S 8807.00
34327124 B 8810.00
34327173 S 8806.00
34327185 S 8805.80
34327199 B 8809.00
34327201 B 8810.00
34328060 B 8809.00
34328061 B 8808.00
34328101 B 8809.00
34328102 B 8808.00
34328103 B 8809.00
34328104 B 8810.00
34328104 B 8809.00
34328104 B 8808.00
34328460 B 8809.00
34328460 B 8808.00
34328490 S 8805.00
34328591 B 8809.00
34328591 B 8810.00
34328591 B 8809.00
34328592 B 8808.00
34328592 S 8804.00
34328592 S 8803.00
34328592 S 8806.00
34328593 B 8809.00
34328593 B 8808.00
34328594 S 8805.00
34328594 B 8809.00
34328594 B 8810.00
34328594 B 8809.00
34328595 S 8804.00
34328595 S 8803.00
34328595 S 8804.00
34328595 S 8805.00
34328596 B 8808.00
34328598 B 8809.00
34328627 B 8810.00
34328632 S 8806.00
34328641 B 8809.00
34328642 B 8808.00
34328652 S 8805.00
34328730 S 8803.00
34328735 S 8805.00
34328736 B 8809.00
34328737 B 8808.00
34328824 S 8806.00
34328858 S 8805.00
34329007 S 8803.00
34329028 S 8801.00
34329029 S 8802.00
34329030 S 8801.00
34329030 S 8802.00
34329031 S 8801.00
34329031 S 8802.00
34329033 B 8807.00
34329413 B 8808.00
34329413 S 8808.00
34329414 B 8809.00
34329417 S 8806.42
34329419 B 8808.00
34329439 B 8809.00
34329445 S 8803.00
34329471 B 8811.00
34329473 B 8809.00
34329491 B 8811.00
34329492 B 8809.00
34329499 S 8804.00
34329502 B 8808.00
34329539 B 8809.00
34329551 S 8803.00
34329620 B 8811.00
34329623 B 8809.00
34329631 S 8804.00
34329692 B 8810.00
34329841 B 8809.00
34330190 B 8808.00
34330204 B 8809.00
34330210 B 8808.00
34330211 B 8809.00
34330211 B 8808.00
34330212 B 8809.00
34330213 B 8808.00
34330218 B 8809.00
34330218 B 8810.00
34330219 B 8809.00
34330220 B 8808.00
34330227 B 8809.00
34330227 B 8808.00
34330229 B 8809.00
34330229 B 8810.00
34330229 B 8809.00
34330239 B 8808.00
34330239 S 8805.00
34330240 B 8809.00
34330241 B 8810.00
34330241 S 8806.00
34330248 B 8809.00
34330248 B 8808.00
34330288 S 8805.00
34330297 S 8804.00
34330561 S 8805.00
34330591 S 8806.00
34330602 B 8809.00
34330648 B 8808.00
34330660 B 8809.00
34330669 B 8810.00
34330669 B 8809.00
34330676 B 8810.00
34330679 B 8809.00
34330688 B 8810.00
34331487 S 8805.00
34331490 B 8809.00
34331503 B 8808.00
34331557 B 8809.00
34331567 B 8810.00
34331619 B 8811.00
34331619 B 8810.00
34331620 B 8811.00
34331620 B 8810.00
34331641 B 8811.00
34331641 B 8810.00
34331643 B 8811.00
34331652 B 8810.00
34331710 B 8811.00
34331711 B 8810.00
34331728 B 8811.00
34331729 B 8810.00
34331760 B 8811.00
34331760 B 8810.00
34331951 B 8809.00
34331970 B 8808.00
34331978 B 8809.00
34332009 B 8808.00
34332056 S 8803.00
34332057 S 8802.00
34332057 S 8803.00
34332058 B 8809.00
34332072 S 8804.00
34332085 B 8808.00
34332087 S 8803.00
34332088 S 8804.00
34332113 B 8809.00
34332118 B 8808.00
34332120 S 8803.00
34332124 S 8802.00
34332127 S 8803.00
34332142 S 8804.00
34332189 B 8809.00
34332654 S 8804.10
34332655 B 8810.00
34332656 S 8804.00
34332659 B 8809.00
34332679 B 8808.00
34332689 S 8803.00
34334709 B 8809.00
34334709 B 8810.00
34334710 S 8804.00
34334711 S 8803.00
34334711 S 8804.00
34334718 S 8803.00
34334718 S 8804.00
34334719 S 8803.00
34334719 S 8804.00
34334740 S 8805.00
34334752 B 8811.00
34334752 S 8806.00
34334818 S 8808.00
34334819 B 8812.00
34334882 B 8813.00
34334882 B 8814.00
34334884 B 8813.00
34334898 B 8814.00
34334899 B 8813.00
34334958 B 8812.00
34335158 B 8813.00
34335396 B 8814.00
34335506 S 8809.00
34335507 S 8810.00
34335508 S 8809.00
34335508 S 8810.00
34335521 S 8809.00
34335521 S 8810.00
34335522 S 8809.00
34335522 S 8810.00
34335535 S 8809.00
34335535 S 8810.00
34335536 S 8809.00
34335536 S 8810.00
34335537 S 8809.00
34335538 S 8811.00
34335538 S 8810.00
34335539 S 8812.00
34335540 S 8810.00
34335739 S 8812.00
34335741 S 8811.00
34335741 S 8812.00
34335765 B 8818.00
34335779 B 8822.00
34335780 S 8813.00
34335781 S 8814.00
34335781 B 8820.00
34335782 S 8813.00
34335782 S 8814.00
34335783 S 8813.00
34335783 S 8814.00
34335785 S 8813.00
34335785 S 8814.00
34335789 S 8812.00
34335789 S 8814.00
34335790 S 8812.00
34335791 S 8814.00
34335792 S 8812.00
34335792 B 8821.00
34335792 S 8814.00
34335795 B 8824.00
34335799 B 8822.00
34335803 S 8812.00
34335803 S 8814.00
34335811 S 8812.00
34335811 S 8815.00
34335812 S 8813.00
34335812 S 8816.00
34335820 S 8813.00
34335820 S 8816.00
34335821 S 8813.00
34335822 S 8816.00
34335822 S 8813.00
34335822 S 8816.00
34335828 B 8820.00
34335829 S 8813.00
34335829 S 8816.00
34335843 S 8813.00
34335843 S 8816.00
34335846 S 8813.00
34335846 S 8816.00
34335847 S 8813.00
34335848 S 8817.00
34335848 S 8814.00
34335860 B 8822.00
34335861 S 8818.00
34335862 B 8826.00
34335862 S 8814.00
34335862 S 8818.00
34335863 S 8814.00
34335863 S 8818.00
34335864 S 8814.00
34335864 S 8818.00
34335865 S 8814.00
34335865 S 8818.00
34335866 S 8814.00
34335866 S 8818.00
34335867 S 8814.00
34335867 S 8818.00
34335868 S 8814.00
34335868 S 8819.00
34335869 S 8815.00
34335880 S 8816.00
34335883 B 8824.00
34335932 S 8820.00
34335934 B 8826.00
34335960 B 8827.00
34335962 B 8829.00
34335963 B 8827.00
34335964 B 8826.00
34336077 B 8827.00
34336098 B 8829.00
34336100 B 8827.00
34337273 B 8826.00
34339741 S 8819.00
34339799 S 8818.00
34339801 B 8825.00
34339801 B 8824.00
34339810 S 8817.00
34340413 S 8819.00
34340483 S 8817.00
34340521 S 8819.00
34340861 S 8817.00
34340905 S 8819.00
34341024 S 8817.00
34341079 S 8819.00
34341097 S 8817.00
34341145 B 8822.00
34341146 S 8816.00
34341146 S 8817.00
34341148 S 8818.00
34341148 B 8821.00
34341158 S 8817.00
34341169 S 8816.00
34341180 B 8820.00
34341181 S 8815.00
34341185 S 8816.00
34341189 B 8822.00
34341190 B 8820.00
34341243 S 8815.00
34341318 S 8816.00
34342540 S 8815.00
34342851 S 8814.00
34342967 B 8819.00
34342967 B 8818.00
34343098 S 8813.00
34343110 B 8817.00
34344838 S 8812.00
34344839 S 8811.00
34344839 S 8810.00
34344841 S 8812.00
34345250 B 8816.00
34345251 S 8810.00
34345251 B 8817.00
34345252 S 8811.00
34345252 B 8816.00
34345253 B 8817.00
34345253 B 8816.00
34345254 B 8817.00
34345254 B 8816.00
34345259 S 8810.00
34345259 S 8808.00
34345259 S 8809.00
34345259 B 8817.00
34345260 B 8816.00
34345261 B 8817.00
34345261 B 8816.00
34345270 B 8817.00
34345270 B 8816.00
34345271 B 8817.00
34345271 B 8815.00
34345271 B 8816.00
34345272 S 8811.00
34345273 S 8809.00
34345278 S 8811.00
34345279 S 8812.00
34345280 S 8811.00
34345308 S 8812.00
34345310 S 8811.00
34345359 B 8814.00
34345360 S 8809.00
34345360 B 8816.00
34345360 B 8814.00
34345361 S 8808.00
34345362 B 8816.00
34345362 B 8814.00
34345363 B 8816.00
34345363 B 8814.00
34345364 S 8809.00
34345387 S 8810.00
34345388 S 8809.00
34345388 S 8810.00
34345389 B 8816.00
34345389 B 8814.00
34345438 S 8809.00
34345439 S 8808.00
34345439 B 8816.00
34345440 B 8814.00
34345441 B 8816.00
34345451 B 8818.00
34345452 B 8817.00
34345452 S 8809.00
34345452 B 8816.00
34345453 B 8817.00
34345454 B 8816.00
34345456 S 8810.00
34345456 B 8817.00
34345456 S 8809.00
34345457 B 8816.00
34345457 S 8810.00
34345457 B 8817.00
34345457 S 8809.00
34345458 B 8816.00
34345458 S 8810.00
34345459 B 8817.00
34345459 B 8816.00
34345459 S 8809.00
34345460 S 8810.00
34345460 S 8809.00
34345461 S 8810.00
34345502 S 8809.00
34345502 S 8810.00
34345524 S 8809.00
34345524 B 8817.00
34345524 B 8816.00
34345525 B 8817.00
34345525 B 8815.00
34345554 B 8814.00
34345573 B 8816.00
34345574 B 8814.00
34345593 B 8816.00
34345593 B 8818.00
34345594 S 8810.00
34345594 B 8817.00
34345595 S 8809.00
34345595 S 8811.00
34345595 B 8816.00
34345619 S 8810.00
34345620 B 8817.00
34345620 B 8816.00
34345621 B 8817.00
34345622 B 8816.00
34345622 S 8808.00
34345623 B 8817.00
34345623 B 8816.00
34345624 B 8817.00
34345624 B 8816.00
34345625 S 8809.00
34345626 B 8817.00
34345626 B 8816.00
34345626 S 8810.00
34345627 B 8817.00
34345627 B 8816.00
34345628 S 8809.00
34345628 S 8810.00
34345629 B 8817.00
34345629 S 8809.00
34345630 B 8818.00
34345630 S 8810.00
34345630 B 8816.00
34345631 S 8809.00
34345631 S 8810.00
34345632 S 8809.00
34345632 S 8810.00
34345673 S 8809.00
34345673 S 8808.00
34345674 S 8809.00
34345674 B 8818.00
34345675 B 8817.00
34345676 B 8816.00
34345676 S 8810.00
34345677 B 8817.00
34345678 B 8816.00
34345679 B 8817.00
34345679 B 8816.00
34345684 B 8817.00
34345684 B 8816.00
34345686 B 8817.00
34345686 B 8816.00
34345753 S 8811.00
34345757 S 8812.00
34345758 B 8817.00
34345790 S 8811.00
34345848 S 8809.00
34345849 S 8811.00
34345899 B 8816.00
34346015 B 8817.00
34346120 S 8809.00
34346121 B 8816.00
34346122 B 8817.00
34346122 B 8815.00
34346130 S 8808.00
34346130 B 8816.00
34346131 B 8814.00
34346132 B 8816.00
34346132 S 8809.00
34346132 B 8814.00
34346133 B 8816.00
34346134 B 8814.00
34346134 S 8811.00
34346135 B 8816.00
34346135 B 8814.00
34346136 B 8816.00
34346150 B 8815.00
34346167 B 8814.00
34346168 B 8815.00
34346168 B 8814.00
34346172 S 8809.00
34346173 S 8808.00
34346225 B 8813.00
34346259 B 8814.00
34346288 S 8809.00
34346849 S 8808.50
34346861 B 8813.00
34346880 S 8808.00
34346979 B 8814.00
34347042 B 8813.00
34347074 B 8814.00
34347138 B 8813.00
34347194 S 8809.30
34347213 B 8814.00
34348975 B 8813.00
34348983 B 8814.00
34349074 B 8813.00
34349123 B 8814.00
34349285 S 8810.00
34350650 B 8815.00
34350650 B 8814.00
34350674 S 8812.00
34350674 B 8815.00
34350675 B 8816.00
34350678 B 8815.00
34350692 B 8816.00
34350694 B 8818.00
34350695 B 8816.00
34350818 S 8814.00
34350819 B 8818.00
34350839 B 8816.00
34351850 S 8813.30
34351850 B 8818.00
34351850 B 8820.00
34351851 B 8818.00
34351852 S 8814.00
34351853 B 8820.00
34351853 S 8815.00
34351854 B 8819.00
34351854 B 8818.00
34351855 B 8819.00
34351855 B 8820.00
34351913 B 8819.00
34351922 B 8820.00
34351928 B 8820.50
34351928 B 8820.00
34352840 S 8814.00
34352840 B 8820.50
34352842 B 8820.00
34352842 B 8820.50
34352843 B 8820.00
34353303 B 8820.50
34353360 S 8815.00
34353361 S 8816.00
34353368 B 8820.00
34353383 S 8815.00
34353383 S 8816.00
34353408 B 8820.50
34353453 B 8821.00
34353453 B 8823.00
34353454 B 8821.00
34354122 B 8823.00
34354123 B 8821.00
34354168 B 8823.00
34354170 B 8821.00
34354212 B 8822.00
34354214 B 8821.11
34354353 S 8818.00
34354622 B 8820.00
34355862 B 8820.61
34356422 S 8817.75
34356491 S 8816.75
34356638 S 8817.75
34356678 S 8816.75
34356837 S 8817.75
34357093 S 8816.75
34357158 S 8817.75
34358062 S 8816.75
34358065 B 8820.00
34358416 B 8820.61
34358453 S 8817.75
34358460 B 8822.22
34358461 B 8823.22
34358524 B 8821.22
34358526 B 8823.22
34358604 S 8818.00
34358677 S 8817.00
34358765 S 8818.00
34358767 S 8817.00
34358767 S 8818.00
34358842 S 8817.00
34358861 B 8822.22
34359688 B 8823.22
34359704 S 8818.00
34359846 B 8824.00
34359854 S 8819.00
34359855 S 8820.00
34359864 B 8825.00
34359938 B 8826.00
34360148 S 8819.00
34360148 S 8820.00
34362002 S 8821.00
34362448 S 8820.00
34362994 S 8821.00
34363010 S 8822.00
34363031 B 8827.00
34363039 S 8821.00
34363107 S 8822.00
34363110 S 8821.00
34363110 S 8822.00
34363137 B 8826.00
34363171 B 8827.00
34363182 B 8828.00
34363183 B 8827.00
34363185 B 8828.00
34363188 B 8827.00
34363193 B 8826.00
34363207 B 8827.00
34363209 B 8826.00
34363210 B 8827.00
34363232 B 8826.00
34363265 S 8821.00
34363313 B 8827.00
34363314 B 8826.00
34363314 B 8825.00
34363319 B 8824.00
34363341 S 8820.00
34363347 B 8825.00
34363359 B 8824.75
34363361 B 8825.75
34363363 B 8824.75
34363366 B 8824.00
34363401 S 8819.00
34363401 S 8820.00
34363520 B 8824.75
34363529 B 8824.00
34364063 B 8824.75
34364087 B 8824.00
34364088 B 8824.75
34364090 B 8824.00
34364499 B 8824.75
34364511 B 8824.00
34364564 S 8818.00
34364564 S 8819.00
34364570 S 8817.00
34364571 S 8818.00
34364572 S 8817.00
34364572 S 8818.00
34364572 S 8817.00
34364573 S 8818.00
34364574 S 8817.00
34364574 S 8818.00
34364582 S 8817.00
34364582 S 8818.00
34364583 S 8817.00
34364583 S 8818.00
34364584 S 8817.00
34364650 S 8819.00
34364653 S 8820.00
34364704 B 8823.00
34364705 B 8822.40
34364748 B 8822.00
34364748 B 8822.40
34364749 B 8823.80
34364749 B 8822.40
34364788 B 8822.00
34364789 B 8822.40
34364789 B 8823.00
34364790 B 8822.40
34364813 S 8818.00
34364814 S 8816.00
34364814 S 8817.00
34364816 S 8816.00
34364816 S 8818.00
34364819 S 8816.00
34364819 S 8818.00
34364845 B 8822.00
34364912 B 8822.40
34364912 B 8822.00
34364913 B 8822.40
34364913 B 8823.00
34364914 B 8822.40
34364915 B 8822.00
34364916 B 8822.40
34364959 B 8822.00
34364960 S 8816.00
34364960 B 8822.40
34364961 B 8823.40
34364961 B 8822.40
34364962 B 8823.00
34364962 B 8822.40
34364962 B 8822.00
34364963 S 8814.00
34364964 B 8822.40
34364966 S 8815.00
34364967 S 8816.00
34364971 S 8815.00
34364972 S 8816.00
34364972 S 8815.00
34364972 S 8816.00
34364973 S 8815.00
34364973 S 8816.00
34364980 S 8815.00
34364980 S 8816.00
34364981 S 8815.00
34364981 S 8816.00
34364982 S 8815.40
34364982 S 8816.00
34364983 S 8815.40
34364984 S 8817.00
34365138 B 8822.00
34365139 B 8822.40
34365155 B 8822.00
34365946 B 8822.40
34365946 B 8821.00
34365947 B 8820.40
34365948 S 8816.00
34365948 B 8820.80
34365950 B 8820.00
34365951 S 8818.00
34365951 B 8820.80
34365952 B 8820.00
34365952 S 8816.00
34365954 B 8820.80
34365955 B 8820.00
34365956 S 8817.00
34365957 B 8820.80
34365957 B 8820.00
34365960 B 8820.80
34365962 B 8820.00
34365963 B 8820.80
34365963 B 8820.00
34365965 B 8820.80
34365966 B 8822.00
34365966 B 8820.80
34365966 B 8822.80
34365966 B 8820.80
34365968 B 8822.80
34365988 S 8818.00
34365992 S 8817.00
34365993 S 8816.00
34365995 S 8817.00
34366008 B 8820.80
34366008 B 8822.80
34366009 B 8820.80
34366010 B 8820.00
34366010 B 8819.40
34366012 B 8820.20
34366013 B 8818.40
34366015 B 8820.20
34366022 B 8818.40
34366024 B 8820.20
34366026 B 8818.40
34366027 S 8815.00
34366027 B 8820.20
34366027 S 8814.00
34366027 B 8822.20
34366027 S 8813.00
34366028 S 8814.00
34366028 B 8819.20
34366029 S 8816.00
34366030 B 8822.20
34366031 B 8824.00
34366031 S 8817.00
34366039 S 8816.00
34366039 B 8818.00
34366040 S 8815.00
34366040 S 8814.00
34366040 S 8815.00
34366041 S 8813.00
34366041 S 8814.00
34366110 S 8813.00
34366110 S 8812.00
34366110 S 8813.00
34366125 S 8814.00
34366150 S 8815.00
34366153 S 8816.00
34366164 S 8815.00
34366171 S 8814.00
34366172 S 8813.00
34366174 S 8815.00
34366195 B 8817.40
34366217 S 8814.00
34366228 S 8813.00
34366228 S 8812.00
34366238 S 8813.00
34366238 B 8816.40
34366238 B 8817.40
34366239 S 8814.00
34366239 B 8816.40
34366241 B 8817.00
34366241 B 8816.40
34366255 S 8813.00
34366268 S 8811.00
34366268 S 8812.00
34366278 S 8811.00
34366278 S 8810.00
34366299 S 8811.00
34366299 S 8812.00
34367488 S 8811.00
34368813 S 8812.00
34370207 S 8811.00
34370207 S 8810.00
34370260 B 8816.00
34370262 B 8816.40
34370262 B 8816.00
34370263 B 8816.40
34370264 B 8817.00
34370265 B 8816.00
34370265 B 8817.00
34370266 B 8816.00
34370270 B 8817.00
34370270 B 8816.00
34370272 B 8817.00
34370272 B 8816.00
34370274 B 8817.00
34370274 B 8815.00
34370279 B 8814.00
34370280 S 8809.00
34370280 B 8816.00
34370280 B 8814.00
34370281 B 8816.00
34370281 B 8814.00
34370282 B 8816.00
34370282 B 8814.00
34370296 S 8808.00
34370297 B 8816.00
34370298 B 8814.00
34370299 B 8816.00
34370299 S 8805.00
34370299 B 8814.00
34370302 S 8808.00
34370303 B 8816.00
34370303 B 8814.00
34370304 B 8816.00
34370304 B 8814.00
34370305 B 8816.00
34370305 B 8813.00
34370306 B 8815.00
34370306 B 8812.00
34370310 S 8805.00
34370310 B 8814.00
34370310 B 8812.00
34370311 S 8808.00
34370312 B 8814.00
34370312 B 8812.00
34370313 B 8814.00
34370314 B 8812.00
34370315 B 8814.00
34370315 B 8812.00
34370320 B 8814.00
34370320 B 8812.00
34370479 B 8813.00
34370479 B 8812.00
34370480 B 8813.00
34370480 B 8811.00
34370508 S 8807.00
34370518 B 8810.00
34370518 B 8811.00
34370874 B 8810.00
34371131 B 8811.00
34371141 B 8813.00
34371149 B 8814.00
34371150 S 8808.00
34371156 S 8807.00
34371160 B 8813.00
34371160 S 8806.00
34371162 S 8807.00
34371163 B 8812.00
34371167 S 8809.00
34371168 S 8808.00
34371175 S 8806.00
34371199 B 8813.00
34371227 S 8807.00
34371238 B 8812.00
34371238 B 8813.00
34371243 S 8809.00
34371314 S 8807.00
34371316 S 8808.00
34371360 S 8809.00
34371361 B 8814.00
34371362 S 8810.00
34371673 B 8816.00
34371678 B 8815.00
34371680 B 8814.00
34372427 S 8809.00
34372427 S 8808.00
34372430 S 8809.00
34372431 S 8810.00
34374057 B 8815.00
34374152 B 8816.00
34374153 S 8810.40
34374170 B 8815.00
34377157 B 8814.00
34377201 S 8810.00
34378530 S 8811.00
34378567 S 8812.00
34378581 S 8811.00
34378757 S 8810.00
34378763 S 8811.00
34379301 S 8810.00
34380041 S 8809.00
34380082 S 8807.00
34380083 S 8808.00
34380120 S 8809.00
34380130 B 8815.00
34380130 S 8810.00
34380130 B 8814.00
34380151 S 8809.00
34380152 B 8815.00
34380152 B 8814.00
34380153 B 8815.00
34380154 B 8814.00
34380230 B 8815.00
34380231 B 8814.00
34380319 B 8815.00
34380320 B 8814.00
34380330 B 8815.00
34380353 B 8814.00
34380356 S 8808.00
34380357 B 8815.00
34380358 B 8814.00
34380359 S 8809.00
34380369 S 8810.00
34380370 S 8809.00
34380371 S 8810.00
34380378 S 8809.00
34380408 S 8808.00
34380422 S 8809.00
34380432 S 8808.00
34380443 B 8815.00
34380444 B 8814.00
34380532 B 8815.00
34380533 S 8809.00
34380540 S 8810.00
34380541 S 8809.00
34380549 S 8810.00
34380550 S 8809.00
34380550 S 8810.00
34380558 S 8809.00
34380598 S 8808.00
34380612 S 8809.00
34380632 B 8812.00
34380709 S 8808.00
34380740 B 8814.00
34380743 B 8812.00
34380793 B 8813.00
34380801 B 8814.00
34380819 S 8807.00
34380819 S 8808.00
34380820 B 8813.00
34380821 B 8814.00
34380870 S 8805.00
34380870 B 8813.00
34380870 S 8808.00
34380871 B 8812.00
34380881 B 8813.00
34380881 S 8807.00
34380882 S 8808.00
34380889 S 8807.00
34380890 S 8808.00
34380951 B 8814.00
34380981 B 8813.00
34380989 B 8812.00
34380990 B 8813.00
34380991 B 8814.00
34380991 B 8813.00
34380999 B 8814.00
34381002 B 8812.00
34381041 S 8807.00
34381041 S 8805.00
34381041 S 8808.00
34381069 S 8807.00
34381069 S 8808.00
34381180 B 8820.00
34381181 B 8815.00
34381183 B 8814.00
34381185 S 8810.00
34381186 B 8815.00
34381186 B 8814.00
34381187 B 8815.00
34381188 B 8814.00
34381189 B 8815.00
34381189 B 8814.00
34381509 B 8812.00
34381514 S 8808.00
34381529 S 8807.00
34381529 S 8808.00
34381531 S 8807.00
34381531 S 8808.00
34381579 B 8815.00
34381580 B 8814.00
34381581 S 8807.00
34381581 S 8808.00
34381581 B 8813.00
34381582 B 8812.00
34381583 B 8813.00
34381584 B 8812.00
34381590 S 8807.00
34381590 S 8808.00
34381591 B 8813.00
34381591 B 8819.00
34381592 S 8807.00
34381592 B 8813.00
34381592 S 8808.00
34381597 S 8807.00
34381599 B 8814.00
34381599 S 8808.00
34381600 B 8812.00
34381600 S 8807.00
34381600 S 8808.00
34381608 S 8807.00
34381608 S 8808.00
34381611 B 8814.00
34381612 B 8813.00
34381612 B 8812.00
34381620 S 8807.00
34381620 S 8808.00
34381622 S 8807.00
34381622 S 8808.00
34381629 B 8813.00
34381629 B 8812.00
34381630 B 8813.00
34381637 S 8807.00
34381638 S 8808.00
34381638 B 8812.00
34381639 S 8807.00
34381639 S 8808.00
34381803 S 8810.00
34381818 B 8814.00
34381859 B 8815.00
34381859 B 8816.00
34381859 B 8815.00
34381862 B 8814.00
34381875 S 8812.00
34381924 B 8815.00
34381927 B 8814.00
34381928 B 8815.00
34381928 B 8814.00
34381930 B 8815.00
34382141 B 8816.00
34382147 S 8811.00
34382153 B 8815.00
34382155 B 8814.00
34382171 B 8815.00
34382192 B 8814.00
34383631 B 8815.00
34383633 S 8812.00
34384512 S 8811.00
34384515 B 8816.00
34384901 B 8815.00
34384931 B 8814.00
34387279 B 8815.00
34387290 S 8812.00
34388115 B 8816.00
34388129 B 8817.00
34388129 B 8818.00
34388129 B 8822.00
34388130 B 8819.00
34388130 B 8817.00
34388134 B 8816.00
34388162 B 8817.00
34388169 S 8811.00
34388169 S 8812.00
34388170 B 8818.00
34388190 B 8817.00
34388191 B 8816.00
34389650 S 8813.00
34389652 S 8814.00
34389663 B 8817.00
34390636 S 8813.00
34390636 S 8815.00
34391180 B 8818.00
34391181 B 8819.00
34391189 B 8820.00
34391199 S 8816.00
34391234 B 8821.00
34391236 B 8820.00
34391309 B 8821.00
34391385 B 8820.00
34392419 B 8821.00
34392419 B 8820.00
34393141 B 8821.00
34393157 B 8820.00
34393200 S 8817.00
34393201 B 8821.00
34393205 S 8818.00
34393260 S 8817.00
34393267 S 8818.00
34393275 B 8823.00
34393276 B 8824.00
34393276 B 8823.00
34393279 B 8822.00
34393281 S 8817.00
34393285 S 8818.00
34393290 S 8817.00
34393297 S 8818.00
34393301 S 8817.00
34393303 B 8823.00
34393307 S 8818.00
34393350 S 8820.00
34393351 B 8824.00
34393523 B 8825.00
34393529 B 8824.00
34393601 S 8822.00
34393626 S 8821.00
34393696 S 8822.00
34393714 B 8825.00
34393716 B 8826.00
34393719 S 8821.00
34393724 S 8822.00
34393751 B 8827.00
34393751 B 8826.00
34393762 B 8827.00
34393763 B 8828.00
34393764 B 8827.00
34393770 B 8826.00
34393773 B 8827.00
34393820 S 8824.00
34393824 S 8823.00
34393835 S 8824.00
34393838 B 8828.00
34393851 S 8823.00
34393877 S 8824.00
34393944 S 8823.00
34393946 S 8824.00
34394051 B 8829.00
34394052 B 8828.00
34394055 S 8823.00
34394169 S 8822.00
34394179 B 8829.00
34394180 B 8828.00
34394180 B 8827.00
34394190 S 8821.00
34394190 S 8822.00
34394191 S 8821.00
34394191 S 8822.00
34394200 B 8826.00
34394213 B 8827.00
34394290 B 8826.00
34394345 S 8821.00
34394384 S 8822.00
34394390 B 8827.00
34394397 B 8826.00
34394397 B 8827.00
34394398 B 8826.00
34394409 B 8827.00
34395412 B 8826.00
34395413 S 8821.00
34395413 S 8822.00
34395561 B 8827.00
34395561 B 8828.00
34395561 B 8827.00
34395772 B 8826.00
34395903 B 8827.00
34395903 B 8828.00
34395908 B 8829.00
34395920 S 8823.00
34395921 S 8824.00
34395948 S 8826.00
34395949 B 8830.00
34395950 B 8829.00
34396002 B 8830.00
34396003 B 8832.00
34396004 B 8830.00
34396096 B 8831.26
34396097 B 8829.26
34397560 B 8830.00
34397560 B 8831.26
34397616 B 8832.00
34397658 S 8827.00
34398589 S 8828.00
34398589 S 8827.00
34398590 S 8828.00
34400209 S 8827.00
34400373 S 8826.00
34400393 S 8827.00
34400474 B 8831.00
34400475 S 8826.00
34400492 B 8830.00
34400526 B 8829.00
34400532 B 8828.00
34400532 B 8829.00
34400576 B 8828.00
34400611 B 8829.00
34400646 B 8828.00
34401567 S 8824.00
34401568 S 8823.00
34401580 S 8822.00
34401580 S 8823.00
34401583 S 8824.00
34401587 S 8823.00
34401592 S 8822.00
34401592 S 8823.00
34401593 S 8821.00
34401594 S 8822.00
34401602 S 8819.00
34401602 S 8822.00
34401756 S 8823.00
34401759 S 8824.00
34401771 S 8823.00
34401800 S 8822.00
34401836 S 8823.00
34402020 B 8826.00
34402024 S 8822.00
34402055 S 8820.00
34402056 S 8819.00
34402056 S 8820.00
34402066 B 8824.00
34402072 B 8825.00
34402072 B 8824.00
34402081 B 8825.00
34402082 B 8824.00
34402090 B 8825.00
34402094 S 8819.00
34402098 B 8824.00
34402100 S 8818.00
34402101 B 8825.00
34402102 B 8822.00
34402103 B 8825.00
34402103 B 8827.00
34402103 B 8826.00
34402103 B 8824.00
34402104 S 8819.00
34402107 B 8823.00
34402107 B 8824.00
34402108 B 8823.00
34402110 S 8818.00
34402111 B 8822.00
34402116 S 8819.00
34402116 B 8823.00
34402117 B 8824.00
34402117 B 8823.00
34402118 B 8824.00
34402121 S 8818.00
34402133 S 8817.00
34402149 B 8825.00
34402149 B 8824.00
34402149 S 8818.00
34402150 S 8817.00
34402160 S 8819.00
34402162 S 8820.00
34402182 S 8819.00
34402189 S 8817.00
34402208 S 8819.00
34402252 S 8817.00
34402264 B 8823.00
34402264 B 8822.00
34402276 S 8819.00
34402316 S 8817.00
34402320 S 8816.00
34402407 B 8820.00
34402408 S 8815.00
34402436 S 8816.00
34403104 S 8815.00
34403119 B 8821.00
34403119 B 8820.00
34403130 B 8821.00
34403131 B 8820.00
34406521 S 8814.00
34406523 S 8815.00
34406621 B 8819.00
34406681 B 8820.00
34406793 S 8816.00
34406819 B 8821.00
34406825 B 8822.00
34406826 S 8817.00
34406826 S 8818.00
34406862 B 8824.00
34406931 B 8826.00
34406936 B 8827.00
34406937 B 8825.00
34406938 B 8826.00
34406938 B 8824.00
34406940 S 8817.00
34406940 S 8819.00
34406940 B 8826.00
34406940 S 8820.00
34406941 B 8825.00
34406943 B 8827.00
34406945 B 8826.00
34406945 B 8827.00
34406946 B 8826.00
34406947 B 8827.00
34406948 B 8826.00
34406949 B 8827.00
34406949 B 8826.00
34406950 S 8818.00
34406950 S 8820.00
34406951 B 8827.00
34406951 S 8818.00
34406951 S 8820.00
34406951 B 8826.00
34406954 S 8818.00
34406955 B 8827.00
34406955 B 8826.00
34406956 B 8827.00
34406957 B 8826.00
34406957 B 8827.00
34406958 B 8826.00
34406959 B 8827.00
34406959 B 8828.00
34406959 B 8826.00
34406959 B 8825.00
34406961 S 8819.00
34406964 S 8820.00
34406983 B 8827.00
34406984 B 8826.00
34406986 S 8822.00
34406987 B 8827.00
34406987 B 8826.00
34407048 B 8827.00
34407049 B 8826.00
34407049 B 8827.00
34407079 B 8828.00
34407080 B 8827.34
34407081 B 8828.00
34407082 B 8827.34
34407125 S 8823.00
34407133 S 8824.00
34407146 B 8826.34
34407161 B 8827.00
34407161 B 8828.00
34407161 B 8828.34
34407186 B 8828.00
34407198 B 8828.34
34407200 B 8828.00
34407244 S 8823.00
34407244 S 8824.00
34407245 B 8829.00
34407271 B 8828.00
34407291 S 8823.00
34407309 B 8829.00
34407320 B 8830.00
34407321 S 8824.00
34407322 S 8823.00
34407322 S 8824.00
34407339 S 8823.00
34407339 S 8824.00
34407347 B 8829.00
34407349 B 8828.00
34407350 B 8829.00
34407399 S 8823.00
34407399 S 8824.00
34407400 S 8823.00
34407400 S 8824.00
34407404 B 8830.00
34407405 S 8823.00
34407405 S 8824.00
34407406 S 8823.00
34407406 S 8825.00
34407417 S 8824.00
34407417 S 8826.00
34407419 S 8824.00
34407419 S 8826.00
34407426 B 8829.00
34407428 S 8824.00
34407472 B 8830.00
34407480 B 8831.00
34407480 S 8826.00
34407481 S 8824.00
34407481 S 8826.00
34407489 S 8824.00
34407490 B 8830.00
34407499 S 8825.00
34407499 B 8831.00
34407499 B 8830.00
34407502 B 8831.00
34407509 S 8826.00
34407510 S 8825.00
34407510 S 8826.00
34407571 S 8825.00
34407571 S 8826.00
34407577 S 8825.00
34407578 S 8826.00
34407581 S 8825.00
34407581 S 8824.00
34407583 B 8830.00
34407625 B 8829.00
34409295 B 8830.00
34410080 B 8829.00
34410084 S 8823.00
34410085 B 8828.00
34410086 B 8829.00
34410087 S 8822.00
34410087 B 8828.00
34410088 B 8829.00
34410088 B 8828.00
34410089 B 8829.00
34410090 B 8828.00
34410091 B 8829.00
34410091 B 8828.00
34410097 B 8829.00
34410097 B 8828.00
34410098 B 8829.00
34410098 B 8828.00
34410099 B 8829.00
34410099 B 8827.00
34410100 B 8828.00
34410101 B 8826.00
34410101 B 8828.00
34410102 B 8826.00
34410103 B 8828.00
34410103 B 8826.00
34410104 B 8828.00
34410105 B 8826.00
34410106 B 8828.00
34410106 B 8826.00
34410107 S 8816.00
34410108 S 8822.00
34410110 B 8828.00
34410110 B 8826.00
34410113 B 8825.00
34410114 B 8824.00
34410115 B 8825.00
34410115 B 8824.00
34410116 B 8825.00
34410122 B 8826.00
34410128 B 8828.00
34410129 B 8826.00
34410130 S 8816.00
34410130 S 8822.00
34410130 B 8828.00
34410131 B 8825.00
34410132 B 8824.00
34410133 B 8827.00
34410133 B 8824.00
34410135 B 8827.00
34410135 B 8824.00
34410142 B 8827.00
34410142 B 8824.00
34410142 B 8827.00
34410144 B 8826.00
34410147 S 8816.00
34410150 S 8817.00
34410150 S 8818.00
34410150 S 8820.00
34410178 B 8824.00
34410180 B 8826.00
34410180 S 8818.00
34410180 B 8824.00
34410182 B 8826.00
34410182 B 8824.00
34410183 B 8823.00
34410184 B 8822.00
34410185 B 8825.00
34410185 B 8822.00
34410185 S 8819.00
34410187 S 8818.00
34410189 B 8825.00
34410195 B 8824.00
34410199 B 8822.00
34410200 B 8824.00
34410200 S 8817.00
34410200 B 8822.00
34410200 B 8824.00
34410215 S 8818.00
34410216 S 8817.00
34410217 S 8818.00
34410233 S 8817.00
34410235 B 8822.00
34410236 B 8824.00
34410236 B 8826.00
34410236 S 8816.00
34410236 B 8823.00
34410237 B 8822.00
34410238 S 8818.00
34410239 S 8816.00
34410251 S 8817.00
34410261 S 8818.00
34410268 S 8817.00
34410298 S 8816.00
34410329 B 8820.00
34410331 B 8825.00
34410332 B 8820.00
34410449 B 8822.00
34410449 B 8820.00
34410528 B 8821.00
34410529 B 8820.00
34410530 S 8811.00
34410532 B 8821.00
34410532 B 8818.00
34410532 S 8815.00
34410534 B 8820.00
34410539 S 8816.00
34410540 B 8821.00
34410540 B 8818.00
34410540 S 8811.00
34410543 B 8821.00
34410543 B 8818.00
34410544 S 8815.00
34410545 S 8811.00
34410546 S 8815.00
34410548 B 8821.00
34410550 B 8818.00
34410551 B 8821.00
34410885 B 8820.00
34410886 B 8821.00
34410886 B 8820.00
34410908 B 8819.00
34411138 B 8820.00
34411140 B 8821.00
34411140 B 8820.00
34411142 B 8821.00
34411142 B 8820.00
34411150 B 8825.00
34411150 B 8820.00
34411151 S 8816.00
34411160 B 8830.00
34411161 B 8822.00
34411165 B 8820.00
34411170 B 8821.00
34411170 B 8820.00
34411193 S 8817.00
34411225 S 8816.00
34411388 S 8817.00
34411389 S 8818.00
34411390 S 8817.00
34411390 S 8818.00
34411392 S 8817.00
34411392 S 8818.00
34411400 S 8819.00
34411411 B 8824.00
34411412 B 8820.00
34411412 S 8820.00
34411413 B 8824.00
34411413 S 8819.00
34411414 S 8820.00
34411415 B 8823.00
34411415 B 8822.00
34411419 B 8824.00
34411419 B 8822.00
34411420 S 8819.00
34411420 S 8820.00
34411421 S 8819.00
34411421 B 8823.00
34411429 B 8824.00
34411429 S 8820.00
34411431 S 8819.00
34411431 S 8820.00
34411432 B 8825.00
34411432 B 8824.00
34411432 S 8819.00
34411440 S 8820.00
34411441 S 8819.00
34411441 S 8820.00
34411442 S 8819.00
34411442 S 8821.00
34411443 S 8820.00
34411443 S 8822.00
34411444 S 8820.00
34411449 B 8825.00
34411449 S 8822.00
34411449 B 8827.00
34411449 B 8824.00
34411450 B 8825.00
34411450 S 8820.00
34411450 S 8822.00
34411451 B 8826.00
34411451 S 8820.00
34411452 S 8822.00
34411453 S 8820.00
34411453 S 8822.00
34411454 S 8820.00
34411455 S 8822.00
34411457 S 8820.00
34411457 S 8822.00
34411457 S 8820.00
34411475 S 8818.00
34411476 B 8827.00
34411476 B 8826.00
34411478 S 8819.00
34411479 B 8827.00
34411479 B 8825.00
34411479 B 8824.00
34411480 S 8820.00
34411484 B 8825.00
34411485 B 8824.00
34411485 B 8825.00
34411547 B 8826.00
34411549 B 8827.00
34411549 B 8825.00
34411576 S 8822.00
34411579 B 8827.00
34411580 B 8828.00
34411585 B 8827.00
34411585 B 8826.00
34411588 B 8827.00
34411588 B 8826.00
34411674 B 8828.00
34411675 B 8830.00
34411675 S 8823.00
34411676 B 8829.00
34411677 S 8824.00
34411678 B 8828.00
34411679 S 8823.00
34411679 S 8824.00
34411681 B 8829.00
34411681 B 8828.00
34411682 S 8823.00
34411682 S 8824.00
34411683 S 8823.00
34411683 S 8824.00
34411689 B 8829.00
34411689 B 8828.00
34413254 B 8829.00
34413274 B 8830.00
34413326 S 8826.00
34413783 B 8829.00
34413793 B 8828.00
34413800 B 8829.00
34413836 B 8830.00
34413843 B 8829.00
34414198 B 8830.00
34414199 B 8831.00
34414199 B 8830.00
34414210 B 8831.00
34414211 B 8830.00
34414219 B 8831.00
34414220 S 8827.00
34415036 S 8826.00
34415038 B 8830.00
34415250 S 8825.00
34415278 S 8824.00
34415278 S 8825.00
34415280 S 8826.00
34415289 S 8825.00
34415289 S 8826.00
34415291 S 8825.00
34415297 B 8829.00
34415298 S 8824.00
34415298 B 8828.00
34415301 S 8823.00
34415304 B 8829.00
34415312 B 8828.00
34415313 B 8829.00
34415318 B 8828.00
34415320 S 8822.00
34415328 B 8829.00
34415333 B 8828.00
34415395 S 8819.00
34415396 S 8821.00
34415422 B 8826.00
34415442 S 8820.00
34415456 S 8818.00
34415459 S 8819.00
34415461 S 8818.00
34415461 S 8820.00
34415463 S 8818.00
34415465 S 8819.00
34415470 B 8825.00
34415470 S 8818.00
34415471 B 8824.00
34415471 S 8816.00
34415472 B 8826.00
34415472 B 8824.00
34415474 S 8818.00
34415474 B 8826.00
34415474 S 8816.00
34415474 B 8824.00
34415475 B 8826.00
34415476 B 8824.00
34415477 S 8818.00
34415477 B 8826.00
34415478 B 8824.00
34415478 B 8826.00
34415478 B 8824.00
34415480 B 8826.00
34415481 B 8824.00
34415481 S 8815.00
34415481 S 8816.00
34415482 B 8826.00
34415489 B 8824.00
34415490 B 8826.00
34415490 B 8824.00
34415492 B 8825.00
34415492 B 8823.00
34415493 B 8824.00
34415493 B 8822.00
34415509 B 8824.00
34415509 B 8822.00
34415510 B 8824.00
34415510 B 8822.00
34415525 B 8824.00
34415525 B 8822.00
34415526 B 8824.00
34415526 B 8822.00
34415529 B 8824.00
34415556 B 8822.00
34415628 B 8820.00
34415638 S 8817.00
34415639 B 8821.00
34415641 B 8820.00
34415642 S 8816.00
34415647 B 8821.00
34415653 B 8820.00
34415658 B 8821.00
34415662 B 8820.00
34415736 B 8821.00
34415755 B 8820.00
34415784 S 8815.00
34415786 S 8816.00
34415787 S 8815.00
34415788 S 8816.00
34415822 S 8815.00
34415827 S 8814.00
34415828 S 8815.00
34415842 S 8814.00
34415848 B 8818.00
34415854 B 8819.00
34415859 B 8818.00
34415896 B 8819.00
34415898 B 8818.00
34415917 B 8819.00
34415920 B 8818.00
34415920 B 8819.00
34415927 S 8813.00
34415935 B 8818.00
34415953 B 8819.00
34415957 B 8818.00
34415957 B 8819.00
34415963 B 8818.00
34415974 B 8819.00
34415980 B 8818.00
34415995 B 8819.00
34415996 B 8818.00
34415996 B 8819.00
34415997 B 8818.00
34416002 B 8819.00
34416036 B 8818.00
34416036 B 8819.00
34416076 B 8818.00
34416077 B 8819.00
34416077 S 8814.00
34416177 B 8820.00
34416185 B 8819.00
34416187 B 8818.00
34416230 B 8820.00
34416242 B 8823.00
34416244 B 8821.00
34416249 B 8824.00
34416251 B 8828.00
34416254 B 8824.00
34416260 B 8828.00
34416261 B 8824.00
34416266 B 8828.00
34416268 B 8824.00
34416286 B 8828.00
34416288 B 8826.00
34416300 B 8828.00
34416301 B 8824.00
34416310 B 8828.00
34416310 S 8815.00
34416311 S 8816.00
34416314 B 8826.00
34416322 B 8828.00
34416327 B 8826.00
34416339 S 8817.00
34416340 S 8816.00
34416341 S 8817.00
34416341 B 8828.00
34416344 S 8818.00
34416345 S 8817.00
34416345 S 8818.00
34416349 S 8817.00
34416350 B 8826.00
34416351 B 8828.00
34416352 S 8818.00
34416353 S 8817.00
34416353 S 8818.00
34416362 S 8817.00
34416362 S 8818.00
34416367 B 8826.00
34416371 S 8817.00
34416371 S 8816.00
34416372 S 8817.00
34416373 S 8818.00
34416374 B 8824.00
34416406 B 8825.00
34416418 B 8828.00
34416421 S 8817.00
34416422 S 8818.00
34416422 B 8826.00
34416439 S 8817.00
34416440 S 8818.00
34416441 B 8828.00
34416441 S 8817.00
34416442 S 8816.00
34416442 S 8817.00
34416448 B 8826.00
34416468 B 8828.00
34416470 B 8826.00
34416471 B 8828.00
34416472 S 8819.00
34416473 S 8818.00
34416473 S 8820.00
34416480 S 8818.00
34416482 B 8826.00
34416482 S 8820.00
34416484 S 8818.00
34416484 S 8820.00
34416485 S 8818.00
34416485 S 8820.00
34416486 S 8818.00
34416486 S 8820.00
34416487 S 8818.00
34416487 S 8820.00
34416489 B 8828.00
34416489 S 8818.00
34416489 S 8820.00
34416492 B 8826.00
34416496 B 8828.00
34416500 S 8818.00
34416500 S 8820.00
34416501 S 8818.00
34416501 S 8821.00
34416510 S 8819.00
34416510 S 8822.00
34416511 S 8819.00
34416511 S 8822.00
34416513 S 8819.00
34416513 S 8822.00
34416521 S 8819.00
34416521 S 8822.00
34416522 S 8819.00
34416522 S 8822.00
34416523 S 8819.00
34416523 S 8822.00
34416524 S 8819.00
34416524 S 8822.00
34416525 S 8819.00
34416526 S 8823.00
34416526 S 8820.00
34416527 S 8824.00
34416528 S 8820.00
34416528 S 8824.00
34416529 S 8820.00
34416529 S 8816.00
34416530 S 8817.00
34416534 S 8818.00
34416537 B 8826.00
34416542 S 8820.00
34416546 S 8819.00
34416547 S 8820.00
34416605 B 8825.00
34416607 S 8819.00
34416607 B 8824.00
34416617 B 8825.00
34416633 B 8824.00
34416681 B 8825.00
34416686 B 8824.00
34416692 S 8818.00
34416692 S 8817.00
34416768 B 8823.00
34416771 B 8822.00
34416796 B 8823.00
34416849 B 8822.00
34416936 S 8816.00
34416949 B 8823.00
34416949 B 8822.00
34416950 B 8823.00
34416950 B 8822.00
34416951 S 8815.00
34416959 B 8823.00
34416959 B 8822.00
34416960 B 8823.00
34416961 B 8821.00
34416969 B 8822.00
34416970 B 8820.00
34416974 B 8822.00
34416974 B 8820.00
34416975 B 8822.00
34417030 B 8821.00
34417030 B 8822.00
344170